[INFO ] 2016-03-20 11:32:59,905 --localhost-startStop-1-- [org.hibernate.validator.internal.util.Version] HV000001: Hibernate Validator 5.2.2.Final 
[INFO ] 2016-03-20 11:35:11,738 --http-bio-8080-exec-4-- [com.alibaba.druid.pool.DruidDataSource] {dataSource-1} inited 
[INFO ] 2016-03-20 11:37:34,809 --ContainerBackgroundProcessor[StandardEngine[Catalina]]-- [org.hibernate.validator.internal.util.Version] HV000001: Hibernate Validator 5.2.2.Final 
[INFO ] 2016-03-20 11:37:44,873 --localhost-startStop-1-- [org.hibernate.validator.internal.util.Version] HV000001: Hibernate Validator 5.2.2.Final 
[INFO ] 2016-03-20 11:37:52,450 --http-bio-8080-exec-1-- [com.alibaba.druid.pool.DruidDataSource] {dataSource-1} inited 
[INFO ] 2016-03-20 13:02:11,176 --localhost-startStop-1-- [org.hibernate.validator.internal.util.Version] HV000001: Hibernate Validator 5.2.2.Final 
[INFO ] 2016-03-20 13:03:23,745 --http-bio-8080-exec-7-- [com.alibaba.druid.pool.DruidDataSource] {dataSource-1} inited 
[INFO ] 2016-03-20 13:10:26,447 --ContainerBackgroundProcessor[StandardEngine[Catalina]]-- [org.hibernate.validator.internal.util.Version] HV000001: Hibernate Validator 5.2.2.Final 
[INFO ] 2016-03-20 13:10:39,590 --localhost-startStop-1-- [org.hibernate.validator.internal.util.Version] HV000001: Hibernate Validator 5.2.2.Final 
[INFO ] 2016-03-20 13:10:48,062 --http-bio-8080-exec-10-- [com.alibaba.druid.pool.DruidDataSource] {dataSource-1} inited 
[INFO ] 2016-03-20 14:19:45,698 --localhost-startStop-1-- [org.hibernate.validator.internal.util.Version] HV000001: Hibernate Validator 5.2.2.Final 
[INFO ] 2016-03-20 14:19:56,711 --http-bio-8080-exec-6-- [com.alibaba.druid.pool.DruidDataSource] {dataSource-1} inited 
[INFO ] 2016-03-20 14:20:53,727 --localhost-startStop-1-- [org.hibernate.validator.internal.util.Version] HV000001: Hibernate Validator 5.2.2.Final 
[INFO ] 2016-03-20 14:21:00,870 --http-bio-8080-exec-4-- [com.alibaba.druid.pool.DruidDataSource] {dataSource-1} inited 
[INFO ] 2016-03-20 14:25:25,037 --localhost-startStop-1-- [org.hibernate.validator.internal.util.Version] HV000001: Hibernate Validator 5.2.2.Final 
[INFO ] 2016-03-20 14:25:35,069 --http-bio-8080-exec-1-- [com.alibaba.druid.pool.DruidDataSource] {dataSource-1} inited 
[INFO ] 2016-03-20 14:32:17,015 --localhost-startStop-1-- [org.hibernate.validator.internal.util.Version] HV000001: Hibernate Validator 5.2.2.Final 
[INFO ] 2016-03-20 14:32:38,384 --http-bio-8080-exec-4-- [com.alibaba.druid.pool.DruidDataSource] {dataSource-1} inited 
[INFO ] 2016-03-20 14:33:21,936 --ContainerBackgroundProcessor[StandardEngine[Catalina]]-- [org.hibernate.validator.internal.util.Version] HV000001: Hibernate Validator 5.2.2.Final 
[INFO ] 2016-03-20 14:35:15,782 --http-bio-8080-exec-14-- [com.alibaba.druid.pool.DruidDataSource] {dataSource-1} inited 
[INFO ] 2016-03-20 14:47:47,541 --ContainerBackgroundProcessor[StandardEngine[Catalina]]-- [org.hibernate.validator.internal.util.Version] HV000001: Hibernate Validator 5.2.2.Final 
[INFO ] 2016-03-20 14:47:59,149 --http-bio-8080-exec-15-- [com.alibaba.druid.pool.DruidDataSource] {dataSource-1} inited 
[INFO ] 2016-03-20 14:48:48,085 --localhost-startStop-1-- [org.hibernate.validator.internal.util.Version] HV000001: Hibernate Validator 5.2.2.Final 
[INFO ] 2016-03-20 14:48:52,534 --http-bio-8080-exec-4-- [com.alibaba.druid.pool.DruidDataSource] {dataSource-1} inited 
[INFO ] 2016-03-20 14:51:10,130 --localhost-startStop-1-- [org.hibernate.validator.internal.util.Version] HV000001: Hibernate Validator 5.2.2.Final 
[INFO ] 2016-03-20 14:51:27,636 --http-bio-8080-exec-3-- [com.alibaba.druid.pool.DruidDataSource] {dataSource-1} inited 
[INFO ] 2016-03-20 15:01:00,658 --localhost-startStop-1-- [org.hibernate.validator.internal.util.Version] HV000001: Hibernate Validator 5.2.2.Final 
[INFO ] 2016-03-20 15:01:09,821 --http-bio-8080-exec-6-- [com.alibaba.druid.pool.DruidDataSource] {dataSource-1} inited 
[INFO ] 2016-03-20 16:17:28,134 --localhost-startStop-1-- [org.hibernate.validator.internal.util.Version] HV000001: Hibernate Validator 5.2.2.Final 
[INFO ] 2016-03-20 16:18:03,839 --http-bio-8080-exec-9-- [com.alibaba.druid.pool.DruidDataSource] {dataSource-1} inited 
[INFO ] 2016-03-20 16:19:35,373 --localhost-startStop-1-- [org.hibernate.validator.internal.util.Version] HV000001: Hibernate Validator 5.2.2.Final 
[INFO ] 2016-03-20 16:19:41,885 --http-bio-8080-exec-4-- [com.alibaba.druid.pool.DruidDataSource] {dataSource-1} inited 
[INFO ] 2016-03-20 16:28:35,843 --localhost-startStop-1-- [org.hibernate.validator.internal.util.Version] HV000001: Hibernate Validator 5.2.2.Final 
[INFO ] 2016-03-20 16:31:38,534 --localhost-startStop-1-- [org.hibernate.validator.internal.util.Version] HV000001: Hibernate Validator 5.2.2.Final 
[INFO ] 2016-03-20 16:34:53,244 --localhost-startStop-1-- [org.hibernate.validator.internal.util.Version] HV000001: Hibernate Validator 5.2.2.Final 
[INFO ] 2016-03-20 17:53:53,832 --localhost-startStop-1-- [org.hibernate.validator.internal.util.Version] HV000001: Hibernate Validator 5.2.2.Final 
[INFO ] 2016-03-20 19:20:08,901 --localhost-startStop-1-- [org.hibernate.validator.internal.util.Version] HV000001: Hibernate Validator 5.2.2.Final 
[INFO ] 2016-03-20 19:20:24,246 --http-bio-8080-exec-10-- [com.alibaba.druid.pool.DruidDataSource] {dataSource-1} inited 
[INFO ] 2016-03-20 19:28:28,911 --localhost-startStop-1-- [org.hibernate.validator.internal.util.Version] HV000001: Hibernate Validator 5.2.2.Final 
[INFO ] 2016-03-20 19:34:50,084 --http-bio-8080-exec-4-- [com.alibaba.druid.pool.DruidDataSource] {dataSource-1} inited 
[INFO ] 2016-03-20 20:24:38,163 --ContainerBackgroundProcessor[StandardEngine[Catalina]]-- [org.hibernate.validator.internal.util.Version] HV000001: Hibernate Validator 5.2.2.Final 
[INFO ] 2016-03-20 20:28:59,245 --localhost-startStop-1-- [org.hibernate.validator.internal.util.Version] HV000001: Hibernate Validator 5.2.2.Final 
[INFO ] 2016-03-20 20:29:18,909 --http-bio-8080-exec-4-- [com.alibaba.druid.pool.DruidDataSource] {dataSource-1} inited 
[INFO ] 2016-03-20 20:38:53,359 --localhost-startStop-1-- [org.hibernate.validator.internal.util.Version] HV000001: Hibernate Validator 5.2.2.Final 
[INFO ] 2016-03-20 20:39:29,484 --http-bio-8080-exec-2-- [com.alibaba.druid.pool.DruidDataSource] {dataSource-1} inited 
[INFO ] 2016-03-20 20:44:37,109 --localhost-startStop-1-- [org.hibernate.validator.internal.util.Version] HV000001: Hibernate Validator 5.2.2.Final 
[INFO ] 2016-03-20 20:44:44,870 --http-bio-8080-exec-5-- [com.alibaba.druid.pool.DruidDataSource] {dataSource-1} inited 
[INFO ] 2016-03-20 21:13:57,592 --localhost-startStop-1-- [org.hibernate.validator.internal.util.Version] HV000001: Hibernate Validator 5.2.2.Final 
[INFO ] 2016-03-20 21:15:01,989 --localhost-startStop-1-- [org.hibernate.validator.internal.util.Version] HV000001: Hibernate Validator 5.2.2.Final 
[ERROR] 2016-03-20 21:15:32,403 --http-bio-8080-exec-10-- [com.alibaba.druid.pool.DruidDataSource] init datasource error, url: jdbc:mysql://localhost:3306/mysql 
com.mysql.jdbc.exceptions.jdbc4.CommunicationsException: Communications link failure

The last packet sent successfully to the server was 0 milliseconds ago. The driver has not received any packets from the server.
	at sun.reflect.NativeConstructorAccessorImpl.newInstance0(Native Method) ~[na:1.7.0_80]
	at sun.reflect.NativeConstructorAccessorImpl.newInstance(NativeConstructorAccessorImpl.java:57) ~[na:1.7.0_80]
	at sun.reflect.DelegatingConstructorAccessorImpl.newInstance(DelegatingConstructorAccessorImpl.java:45) ~[na:1.7.0_80]
	at java.lang.reflect.Constructor.newInstance(Constructor.java:526) ~[na:1.7.0_80]
	at com.mysql.jdbc.Util.handleNewInstance(Util.java:404) ~[mysql-connector-java-5.1.38.jar:5.1.38]
	at com.mysql.jdbc.SQLError.createCommunicationsException(SQLError.java:981) ~[mysql-connector-java-5.1.38.jar:5.1.38]
	at com.mysql.jdbc.MysqlIO.<init>(MysqlIO.java:339) ~[mysql-connector-java-5.1.38.jar:5.1.38]
	at com.mysql.jdbc.ConnectionImpl.coreConnect(ConnectionImpl.java:2253) ~[mysql-connector-java-5.1.38.jar:5.1.38]
	at com.mysql.jdbc.ConnectionImpl.connectOneTryOnly(ConnectionImpl.java:2286) ~[mysql-connector-java-5.1.38.jar:5.1.38]
	at com.mysql.jdbc.ConnectionImpl.createNewIO(ConnectionImpl.java:2085) ~[mysql-connector-java-5.1.38.jar:5.1.38]
	at com.mysql.jdbc.ConnectionImpl.<init>(ConnectionImpl.java:795) ~[mysql-connector-java-5.1.38.jar:5.1.38]
	at com.mysql.jdbc.JDBC4Connection.<init>(JDBC4Connection.java:44) ~[mysql-connector-java-5.1.38.jar:5.1.38]
	at sun.reflect.NativeConstructorAccessorImpl.newInstance0(Native Method) ~[na:1.7.0_80]
	at sun.reflect.NativeConstructorAccessorImpl.newInstance(NativeConstructorAccessorImpl.java:57) ~[na:1.7.0_80]
	at sun.reflect.DelegatingConstructorAccessorImpl.newInstance(DelegatingConstructorAccessorImpl.java:45) ~[na:1.7.0_80]
	at java.lang.reflect.Constructor.newInstance(Constructor.java:526) ~[na:1.7.0_80]
	at com.mysql.jdbc.Util.handleNewInstance(Util.java:404) ~[mysql-connector-java-5.1.38.jar:5.1.38]
	at com.mysql.jdbc.ConnectionImpl.getInstance(ConnectionImpl.java:400) ~[mysql-connector-java-5.1.38.jar:5.1.38]
	at com.mysql.jdbc.NonRegisteringDriver.connect(NonRegisteringDriver.java:327) ~[mysql-connector-java-5.1.38.jar:5.1.38]
	at com.alibaba.druid.filter.FilterChainImpl.connection_connect(FilterChainImpl.java:148) ~[druid-1.0.13.jar:1.0.13]
	at com.alibaba.druid.filter.stat.StatFilter.connection_connect(StatFilter.java:211) ~[druid-1.0.13.jar:1.0.13]
	at com.alibaba.druid.filter.FilterChainImpl.connection_connect(FilterChainImpl.java:142) ~[druid-1.0.13.jar:1.0.13]
	at com.alibaba.druid.pool.DruidAbstractDataSource.createPhysicalConnection(DruidAbstractDataSource.java:1377) ~[druid-1.0.13.jar:1.0.13]
	at com.alibaba.druid.pool.DruidAbstractDataSource.createPhysicalConnection(DruidAbstractDataSource.java:1431) ~[druid-1.0.13.jar:1.0.13]
	at com.alibaba.druid.pool.DruidDataSource.init(DruidDataSource.java:632) [druid-1.0.13.jar:1.0.13]
	at com.alibaba.druid.pool.DruidDataSource.getConnection(DruidDataSource.java:934) [druid-1.0.13.jar:1.0.13]
	at com.alibaba.druid.pool.DruidDataSource.getConnection(DruidDataSource.java:930) [druid-1.0.13.jar:1.0.13]
	at com.alibaba.druid.pool.DruidDataSource.getConnection(DruidDataSource.java:102) [druid-1.0.13.jar:1.0.13]
	at org.springframework.jdbc.datasource.DataSourceTransactionManager.doBegin(DataSourceTransactionManager.java:204) [spring-jdbc-4.1.6.RELEASE.jar:4.1.6.RELEASE]
	at org.springframework.transaction.support.AbstractPlatformTransactionManager.getTransaction(AbstractPlatformTransactionManager.java:373) [spring-tx-4.1.6.RELEASE.jar:4.1.6.RELEASE]
	at org.springframework.transaction.interceptor.TransactionAspectSupport.createTransactionIfNecessary(TransactionAspectSupport.java:463) [spring-tx-4.1.6.RELEASE.jar:4.1.6.RELEASE]
	at org.springframework.transaction.interceptor.TransactionAspectSupport.invokeWithinTransaction(TransactionAspectSupport.java:276) [spring-tx-4.1.6.RELEASE.jar:4.1.6.RELEASE]
	at org.springframework.transaction.interceptor.TransactionInterceptor.invoke(TransactionInterceptor.java:96) [spring-tx-4.1.6.RELEASE.jar:4.1.6.RELEASE]
	at org.springframework.aop.framework.ReflectiveMethodInvocation.proceed(ReflectiveMethodInvocation.java:179) [spring-aop-4.1.6.RELEASE.jar:4.1.6.RELEASE]
	at org.springframework.aop.framework.CglibAopProxy$DynamicAdvisedInterceptor.intercept(CglibAopProxy.java:653) [spring-aop-4.1.6.RELEASE.jar:4.1.6.RELEASE]
	at com.chance.cynthia.core.service.common.PbMassageTemplateService$$EnhancerBySpringCGLIB$$cd4a688a.selectPbDictListAll(<generated>) [spring-core-4.1.6.RELEASE.jar:na]
	at com.chance.cynthia.controller.common.PbMassageMgrController.selectPbDictListAll(PbMassageMgrController.java:34) [classes/:na]
	at sun.reflect.NativeMethodAccessorImpl.invoke0(Native Method) ~[na:1.7.0_80]
	at sun.reflect.NativeMethodAccessorImpl.invoke(NativeMethodAccessorImpl.java:57) ~[na:1.7.0_80]
	at sun.reflect.DelegatingMethodAccessorImpl.invoke(DelegatingMethodAccessorImpl.java:43) ~[na:1.7.0_80]
	at java.lang.reflect.Method.invoke(Method.java:606) ~[na:1.7.0_80]
	at org.springframework.web.method.support.InvocableHandlerMethod.doInvoke(InvocableHandlerMethod.java:221) [spring-web-4.1.6.RELEASE.jar:4.1.6.RELEASE]
	at org.springframework.web.method.support.InvocableHandlerMethod.invokeForRequest(InvocableHandlerMethod.java:137) [spring-web-4.1.6.RELEASE.jar:4.1.6.RELEASE]
	at org.springframework.web.servlet.mvc.method.annotation.ServletInvocableHandlerMethod.invokeAndHandle(ServletInvocableHandlerMethod.java:110) [spring-webmvc-4.1.6.RELEASE.jar:4.1.6.RELEASE]
	at org.springframework.web.servlet.mvc.method.annotation.RequestMappingHandlerAdapter.invokeHandleMethod(RequestMappingHandlerAdapter.java:776) [spring-webmvc-4.1.6.RELEASE.jar:4.1.6.RELEASE]
	at org.springframework.web.servlet.mvc.method.annotation.RequestMappingHandlerAdapter.handleInternal(RequestMappingHandlerAdapter.java:705) [spring-webmvc-4.1.6.RELEASE.jar:4.1.6.RELEASE]
	at org.springframework.web.servlet.mvc.method.AbstractHandlerMethodAdapter.handle(AbstractHandlerMethodAdapter.java:85) [spring-webmvc-4.1.6.RELEASE.jar:4.1.6.RELEASE]
	at org.springframework.web.servlet.DispatcherServlet.doDispatch(DispatcherServlet.java:959) [spring-webmvc-4.1.6.RELEASE.jar:4.1.6.RELEASE]
	at org.springframework.web.servlet.DispatcherServlet.doService(DispatcherServlet.java:893) [spring-webmvc-4.1.6.RELEASE.jar:4.1.6.RELEASE]
	at org.springframework.web.servlet.FrameworkServlet.processRequest(FrameworkServlet.java:966) [spring-webmvc-4.1.6.RELEASE.jar:4.1.6.RELEASE]
	at org.springframework.web.servlet.FrameworkServlet.doPost(FrameworkServlet.java:868) [spring-webmvc-4.1.6.RELEASE.jar:4.1.6.RELEASE]
	at javax.servlet.http.HttpServlet.service(HttpServlet.java:650) [servlet-api.jar:na]
	at org.springframework.web.servlet.FrameworkServlet.service(FrameworkServlet.java:842) [spring-webmvc-4.1.6.RELEASE.jar:4.1.6.RELEASE]
	at javax.servlet.http.HttpServlet.service(HttpServlet.java:731) [servlet-api.jar:na]
	at org.apache.catalina.core.ApplicationFilterChain.internalDoFilter(ApplicationFilterChain.java:303) [catalina.jar:7.0.68]
	at org.apache.catalina.core.ApplicationFilterChain.doFilter(ApplicationFilterChain.java:208) [catalina.jar:7.0.68]
	at org.apache.tomcat.websocket.server.WsFilter.doFilter(WsFilter.java:52) [tomcat7-websocket.jar:7.0.68]
	at org.apache.catalina.core.ApplicationFilterChain.internalDoFilter(ApplicationFilterChain.java:241) [catalina.jar:7.0.68]
	at org.apache.catalina.core.ApplicationFilterChain.doFilter(ApplicationFilterChain.java:208) [catalina.jar:7.0.68]
	at org.sitemesh.webapp.contentfilter.ContentBufferingFilter.bufferAndPostProcess(ContentBufferingFilter.java:169) [sitemesh-3.0.0.jar:na]
	at org.sitemesh.webapp.contentfilter.ContentBufferingFilter.doFilter(ContentBufferingFilter.java:126) [sitemesh-3.0.0.jar:na]
	at org.sitemesh.webapp.SiteMeshFilter.doFilter(SiteMeshFilter.java:120) [sitemesh-3.0.0.jar:na]
	at org.sitemesh.config.ConfigurableSiteMeshFilter.doFilter(ConfigurableSiteMeshFilter.java:163) [sitemesh-3.0.0.jar:na]
	at org.apache.catalina.core.ApplicationFilterChain.internalDoFilter(ApplicationFilterChain.java:241) [catalina.jar:7.0.68]
	at org.apache.catalina.core.ApplicationFilterChain.doFilter(ApplicationFilterChain.java:208) [catalina.jar:7.0.68]
	at org.springframework.web.filter.CharacterEncodingFilter.doFilterInternal(CharacterEncodingFilter.java:85) [spring-web-4.1.6.RELEASE.jar:4.1.6.RELEASE]
	at org.springframework.web.filter.OncePerRequestFilter.doFilter(OncePerRequestFilter.java:107) [spring-web-4.1.6.RELEASE.jar:4.1.6.RELEASE]
	at org.apache.catalina.core.ApplicationFilterChain.internalDoFilter(ApplicationFilterChain.java:241) [catalina.jar:7.0.68]
	at org.apache.catalina.core.ApplicationFilterChain.doFilter(ApplicationFilterChain.java:208) [catalina.jar:7.0.68]
	at com.chance.cynthia.core.common.filter.PathFilter.doFilter(PathFilter.java:46) [cynthia-core-0.0.1-SNAPSHOT.jar:na]
	at org.apache.catalina.core.ApplicationFilterChain.internalDoFilter(ApplicationFilterChain.java:241) [catalina.jar:7.0.68]
	at org.apache.catalina.core.ApplicationFilterChain.doFilter(ApplicationFilterChain.java:208) [catalina.jar:7.0.68]
	at org.apache.catalina.core.StandardWrapperValve.invoke(StandardWrapperValve.java:220) [catalina.jar:7.0.68]
	at org.apache.catalina.core.StandardContextValve.invoke(StandardContextValve.java:122) [catalina.jar:7.0.68]
	at org.apache.catalina.authenticator.AuthenticatorBase.invoke(AuthenticatorBase.java:505) [catalina.jar:7.0.68]
	at org.apache.catalina.core.StandardHostValve.invoke(StandardHostValve.java:169) [catalina.jar:7.0.68]
	at org.apache.catalina.valves.ErrorReportValve.invoke(ErrorReportValve.java:103) [catalina.jar:7.0.68]
	at org.apache.catalina.valves.AccessLogValve.invoke(AccessLogValve.java:956) [catalina.jar:7.0.68]
	at org.apache.catalina.core.StandardEngineValve.invoke(StandardEngineValve.java:116) [catalina.jar:7.0.68]
	at org.apache.catalina.connector.CoyoteAdapter.service(CoyoteAdapter.java:436) [catalina.jar:7.0.68]
	at org.apache.coyote.http11.AbstractHttp11Processor.process(AbstractHttp11Processor.java:1078) [tomcat-coyote.jar:7.0.68]
	at org.apache.coyote.AbstractProtocol$AbstractConnectionHandler.process(AbstractProtocol.java:625) [tomcat-coyote.jar:7.0.68]
	at org.apache.tomcat.util.net.JIoEndpoint$SocketProcessor.run(JIoEndpoint.java:318) [tomcat-coyote.jar:7.0.68]
	at java.util.concurrent.ThreadPoolExecutor.runWorker(ThreadPoolExecutor.java:1145) [na:1.7.0_80]
	at java.util.concurrent.ThreadPoolExecutor$Worker.run(ThreadPoolExecutor.java:615) [na:1.7.0_80]
	at org.apache.tomcat.util.threads.TaskThread$WrappingRunnable.run(TaskThread.java:61) [tomcat-coyote.jar:7.0.68]
	at java.lang.Thread.run(Thread.java:745) [na:1.7.0_80]
Caused by: java.net.ConnectException: Connection refused: connect
	at java.net.DualStackPlainSocketImpl.connect0(Native Method) ~[na:1.7.0_80]
	at java.net.DualStackPlainSocketImpl.socketConnect(DualStackPlainSocketImpl.java:79) ~[na:1.7.0_80]
	at java.net.AbstractPlainSocketImpl.doConnect(AbstractPlainSocketImpl.java:339) ~[na:1.7.0_80]
	at java.net.AbstractPlainSocketImpl.connectToAddress(AbstractPlainSocketImpl.java:200) ~[na:1.7.0_80]
	at java.net.AbstractPlainSocketImpl.connect(AbstractPlainSocketImpl.java:182) ~[na:1.7.0_80]
	at java.net.PlainSocketImpl.connect(PlainSocketImpl.java:172) ~[na:1.7.0_80]
	at java.net.SocksSocketImpl.connect(SocksSocketImpl.java:392) ~[na:1.7.0_80]
	at java.net.Socket.connect(Socket.java:579) ~[na:1.7.0_80]
	at com.mysql.jdbc.StandardSocketFactory.connect(StandardSocketFactory.java:211) ~[mysql-connector-java-5.1.38.jar:5.1.38]
	at com.mysql.jdbc.MysqlIO.<init>(MysqlIO.java:298) ~[mysql-connector-java-5.1.38.jar:5.1.38]
	... 80 common frames omitted
[ERROR] 2016-03-20 21:15:32,420 --http-bio-8080-exec-10-- [com.alibaba.druid.pool.DruidDataSource] dataSource init error 
com.mysql.jdbc.exceptions.jdbc4.CommunicationsException: Communications link failure

The last packet sent successfully to the server was 0 milliseconds ago. The driver has not received any packets from the server.
	at sun.reflect.NativeConstructorAccessorImpl.newInstance0(Native Method) ~[na:1.7.0_80]
	at sun.reflect.NativeConstructorAccessorImpl.newInstance(NativeConstructorAccessorImpl.java:57) ~[na:1.7.0_80]
	at sun.reflect.DelegatingConstructorAccessorImpl.newInstance(DelegatingConstructorAccessorImpl.java:45) ~[na:1.7.0_80]
	at java.lang.reflect.Constructor.newInstance(Constructor.java:526) ~[na:1.7.0_80]
	at com.mysql.jdbc.Util.handleNewInstance(Util.java:404) ~[mysql-connector-java-5.1.38.jar:5.1.38]
	at com.mysql.jdbc.SQLError.createCommunicationsException(SQLError.java:981) ~[mysql-connector-java-5.1.38.jar:5.1.38]
	at com.mysql.jdbc.MysqlIO.<init>(MysqlIO.java:339) ~[mysql-connector-java-5.1.38.jar:5.1.38]
	at com.mysql.jdbc.ConnectionImpl.coreConnect(ConnectionImpl.java:2253) ~[mysql-connector-java-5.1.38.jar:5.1.38]
	at com.mysql.jdbc.ConnectionImpl.connectOneTryOnly(ConnectionImpl.java:2286) ~[mysql-connector-java-5.1.38.jar:5.1.38]
	at com.mysql.jdbc.ConnectionImpl.createNewIO(ConnectionImpl.java:2085) ~[mysql-connector-java-5.1.38.jar:5.1.38]
	at com.mysql.jdbc.ConnectionImpl.<init>(ConnectionImpl.java:795) ~[mysql-connector-java-5.1.38.jar:5.1.38]
	at com.mysql.jdbc.JDBC4Connection.<init>(JDBC4Connection.java:44) ~[mysql-connector-java-5.1.38.jar:5.1.38]
	at sun.reflect.NativeConstructorAccessorImpl.newInstance0(Native Method) ~[na:1.7.0_80]
	at sun.reflect.NativeConstructorAccessorImpl.newInstance(NativeConstructorAccessorImpl.java:57) ~[na:1.7.0_80]
	at sun.reflect.DelegatingConstructorAccessorImpl.newInstance(DelegatingConstructorAccessorImpl.java:45) ~[na:1.7.0_80]
	at java.lang.reflect.Constructor.newInstance(Constructor.java:526) ~[na:1.7.0_80]
	at com.mysql.jdbc.Util.handleNewInstance(Util.java:404) ~[mysql-connector-java-5.1.38.jar:5.1.38]
	at com.mysql.jdbc.ConnectionImpl.getInstance(ConnectionImpl.java:400) ~[mysql-connector-java-5.1.38.jar:5.1.38]
	at com.mysql.jdbc.NonRegisteringDriver.connect(NonRegisteringDriver.java:327) ~[mysql-connector-java-5.1.38.jar:5.1.38]
	at com.alibaba.druid.filter.FilterChainImpl.connection_connect(FilterChainImpl.java:148) ~[druid-1.0.13.jar:1.0.13]
	at com.alibaba.druid.filter.stat.StatFilter.connection_connect(StatFilter.java:211) ~[druid-1.0.13.jar:1.0.13]
	at com.alibaba.druid.filter.FilterChainImpl.connection_connect(FilterChainImpl.java:142) ~[druid-1.0.13.jar:1.0.13]
	at com.alibaba.druid.pool.DruidAbstractDataSource.createPhysicalConnection(DruidAbstractDataSource.java:1377) ~[druid-1.0.13.jar:1.0.13]
	at com.alibaba.druid.pool.DruidAbstractDataSource.createPhysicalConnection(DruidAbstractDataSource.java:1431) ~[druid-1.0.13.jar:1.0.13]
	at com.alibaba.druid.pool.DruidDataSource.init(DruidDataSource.java:632) [druid-1.0.13.jar:1.0.13]
	at com.alibaba.druid.pool.DruidDataSource.getConnection(DruidDataSource.java:934) [druid-1.0.13.jar:1.0.13]
	at com.alibaba.druid.pool.DruidDataSource.getConnection(DruidDataSource.java:930) [druid-1.0.13.jar:1.0.13]
	at com.alibaba.druid.pool.DruidDataSource.getConnection(DruidDataSource.java:102) [druid-1.0.13.jar:1.0.13]
	at org.springframework.jdbc.datasource.DataSourceTransactionManager.doBegin(DataSourceTransactionManager.java:204) [spring-jdbc-4.1.6.RELEASE.jar:4.1.6.RELEASE]
	at org.springframework.transaction.support.AbstractPlatformTransactionManager.getTransaction(AbstractPlatformTransactionManager.java:373) [spring-tx-4.1.6.RELEASE.jar:4.1.6.RELEASE]
	at org.springframework.transaction.interceptor.TransactionAspectSupport.createTransactionIfNecessary(TransactionAspectSupport.java:463) [spring-tx-4.1.6.RELEASE.jar:4.1.6.RELEASE]
	at org.springframework.transaction.interceptor.TransactionAspectSupport.invokeWithinTransaction(TransactionAspectSupport.java:276) [spring-tx-4.1.6.RELEASE.jar:4.1.6.RELEASE]
	at org.springframework.transaction.interceptor.TransactionInterceptor.invoke(TransactionInterceptor.java:96) [spring-tx-4.1.6.RELEASE.jar:4.1.6.RELEASE]
	at org.springframework.aop.framework.ReflectiveMethodInvocation.proceed(ReflectiveMethodInvocation.java:179) [spring-aop-4.1.6.RELEASE.jar:4.1.6.RELEASE]
	at org.springframework.aop.framework.CglibAopProxy$DynamicAdvisedInterceptor.intercept(CglibAopProxy.java:653) [spring-aop-4.1.6.RELEASE.jar:4.1.6.RELEASE]
	at com.chance.cynthia.core.service.common.PbMassageTemplateService$$EnhancerBySpringCGLIB$$cd4a688a.selectPbDictListAll(<generated>) [spring-core-4.1.6.RELEASE.jar:na]
	at com.chance.cynthia.controller.common.PbMassageMgrController.selectPbDictListAll(PbMassageMgrController.java:34) [classes/:na]
	at sun.reflect.NativeMethodAccessorImpl.invoke0(Native Method) ~[na:1.7.0_80]
	at sun.reflect.NativeMethodAccessorImpl.invoke(NativeMethodAccessorImpl.java:57) ~[na:1.7.0_80]
	at sun.reflect.DelegatingMethodAccessorImpl.invoke(DelegatingMethodAccessorImpl.java:43) ~[na:1.7.0_80]
	at java.lang.reflect.Method.invoke(Method.java:606) ~[na:1.7.0_80]
	at org.springframework.web.method.support.InvocableHandlerMethod.doInvoke(InvocableHandlerMethod.java:221) [spring-web-4.1.6.RELEASE.jar:4.1.6.RELEASE]
	at org.springframework.web.method.support.InvocableHandlerMethod.invokeForRequest(InvocableHandlerMethod.java:137) [spring-web-4.1.6.RELEASE.jar:4.1.6.RELEASE]
	at org.springframework.web.servlet.mvc.method.annotation.ServletInvocableHandlerMethod.invokeAndHandle(ServletInvocableHandlerMethod.java:110) [spring-webmvc-4.1.6.RELEASE.jar:4.1.6.RELEASE]
	at org.springframework.web.servlet.mvc.method.annotation.RequestMappingHandlerAdapter.invokeHandleMethod(RequestMappingHandlerAdapter.java:776) [spring-webmvc-4.1.6.RELEASE.jar:4.1.6.RELEASE]
	at org.springframework.web.servlet.mvc.method.annotation.RequestMappingHandlerAdapter.handleInternal(RequestMappingHandlerAdapter.java:705) [spring-webmvc-4.1.6.RELEASE.jar:4.1.6.RELEASE]
	at org.springframework.web.servlet.mvc.method.AbstractHandlerMethodAdapter.handle(AbstractHandlerMethodAdapter.java:85) [spring-webmvc-4.1.6.RELEASE.jar:4.1.6.RELEASE]
	at org.springframework.web.servlet.DispatcherServlet.doDispatch(DispatcherServlet.java:959) [spring-webmvc-4.1.6.RELEASE.jar:4.1.6.RELEASE]
	at org.springframework.web.servlet.DispatcherServlet.doService(DispatcherServlet.java:893) [spring-webmvc-4.1.6.RELEASE.jar:4.1.6.RELEASE]
	at org.springframework.web.servlet.FrameworkServlet.processRequest(FrameworkServlet.java:966) [spring-webmvc-4.1.6.RELEASE.jar:4.1.6.RELEASE]
	at org.springframework.web.servlet.FrameworkServlet.doPost(FrameworkServlet.java:868) [spring-webmvc-4.1.6.RELEASE.jar:4.1.6.RELEASE]
	at javax.servlet.http.HttpServlet.service(HttpServlet.java:650) [servlet-api.jar:na]
	at org.springframework.web.servlet.FrameworkServlet.service(FrameworkServlet.java:842) [spring-webmvc-4.1.6.RELEASE.jar:4.1.6.RELEASE]
	at javax.servlet.http.HttpServlet.service(HttpServlet.java:731) [servlet-api.jar:na]
	at org.apache.catalina.core.ApplicationFilterChain.internalDoFilter(ApplicationFilterChain.java:303) [catalina.jar:7.0.68]
	at org.apache.catalina.core.ApplicationFilterChain.doFilter(ApplicationFilterChain.java:208) [catalina.jar:7.0.68]
	at org.apache.tomcat.websocket.server.WsFilter.doFilter(WsFilter.java:52) [tomcat7-websocket.jar:7.0.68]
	at org.apache.catalina.core.ApplicationFilterChain.internalDoFilter(ApplicationFilterChain.java:241) [catalina.jar:7.0.68]
	at org.apache.catalina.core.ApplicationFilterChain.doFilter(ApplicationFilterChain.java:208) [catalina.jar:7.0.68]
	at org.sitemesh.webapp.contentfilter.ContentBufferingFilter.bufferAndPostProcess(ContentBufferingFilter.java:169) [sitemesh-3.0.0.jar:na]
	at org.sitemesh.webapp.contentfilter.ContentBufferingFilter.doFilter(ContentBufferingFilter.java:126) [sitemesh-3.0.0.jar:na]
	at org.sitemesh.webapp.SiteMeshFilter.doFilter(SiteMeshFilter.java:120) [sitemesh-3.0.0.jar:na]
	at org.sitemesh.config.ConfigurableSiteMeshFilter.doFilter(ConfigurableSiteMeshFilter.java:163) [sitemesh-3.0.0.jar:na]
	at org.apache.catalina.core.ApplicationFilterChain.internalDoFilter(ApplicationFilterChain.java:241) [catalina.jar:7.0.68]
	at org.apache.catalina.core.ApplicationFilterChain.doFilter(ApplicationFilterChain.java:208) [catalina.jar:7.0.68]
	at org.springframework.web.filter.CharacterEncodingFilter.doFilterInternal(CharacterEncodingFilter.java:85) [spring-web-4.1.6.RELEASE.jar:4.1.6.RELEASE]
	at org.springframework.web.filter.OncePerRequestFilter.doFilter(OncePerRequestFilter.java:107) [spring-web-4.1.6.RELEASE.jar:4.1.6.RELEASE]
	at org.apache.catalina.core.ApplicationFilterChain.internalDoFilter(ApplicationFilterChain.java:241) [catalina.jar:7.0.68]
	at org.apache.catalina.core.ApplicationFilterChain.doFilter(ApplicationFilterChain.java:208) [catalina.jar:7.0.68]
	at com.chance.cynthia.core.common.filter.PathFilter.doFilter(PathFilter.java:46) [cynthia-core-0.0.1-SNAPSHOT.jar:na]
	at org.apache.catalina.core.ApplicationFilterChain.internalDoFilter(ApplicationFilterChain.java:241) [catalina.jar:7.0.68]
	at org.apache.catalina.core.ApplicationFilterChain.doFilter(ApplicationFilterChain.java:208) [catalina.jar:7.0.68]
	at org.apache.catalina.core.StandardWrapperValve.invoke(StandardWrapperValve.java:220) [catalina.jar:7.0.68]
	at org.apache.catalina.core.StandardContextValve.invoke(StandardContextValve.java:122) [catalina.jar:7.0.68]
	at org.apache.catalina.authenticator.AuthenticatorBase.invoke(AuthenticatorBase.java:505) [catalina.jar:7.0.68]
	at org.apache.catalina.core.StandardHostValve.invoke(StandardHostValve.java:169) [catalina.jar:7.0.68]
	at org.apache.catalina.valves.ErrorReportValve.invoke(ErrorReportValve.java:103) [catalina.jar:7.0.68]
	at org.apache.catalina.valves.AccessLogValve.invoke(AccessLogValve.java:956) [catalina.jar:7.0.68]
	at org.apache.catalina.core.StandardEngineValve.invoke(StandardEngineValve.java:116) [catalina.jar:7.0.68]
	at org.apache.catalina.connector.CoyoteAdapter.service(CoyoteAdapter.java:436) [catalina.jar:7.0.68]
	at org.apache.coyote.http11.AbstractHttp11Processor.process(AbstractHttp11Processor.java:1078) [tomcat-coyote.jar:7.0.68]
	at org.apache.coyote.AbstractProtocol$AbstractConnectionHandler.process(AbstractProtocol.java:625) [tomcat-coyote.jar:7.0.68]
	at org.apache.tomcat.util.net.JIoEndpoint$SocketProcessor.run(JIoEndpoint.java:318) [tomcat-coyote.jar:7.0.68]
	at java.util.concurrent.ThreadPoolExecutor.runWorker(ThreadPoolExecutor.java:1145) [na:1.7.0_80]
	at java.util.concurrent.ThreadPoolExecutor$Worker.run(ThreadPoolExecutor.java:615) [na:1.7.0_80]
	at org.apache.tomcat.util.threads.TaskThread$WrappingRunnable.run(TaskThread.java:61) [tomcat-coyote.jar:7.0.68]
	at java.lang.Thread.run(Thread.java:745) [na:1.7.0_80]
Caused by: java.net.ConnectException: Connection refused: connect
	at java.net.DualStackPlainSocketImpl.connect0(Native Method) ~[na:1.7.0_80]
	at java.net.DualStackPlainSocketImpl.socketConnect(DualStackPlainSocketImpl.java:79) ~[na:1.7.0_80]
	at java.net.AbstractPlainSocketImpl.doConnect(AbstractPlainSocketImpl.java:339) ~[na:1.7.0_80]
	at java.net.AbstractPlainSocketImpl.connectToAddress(AbstractPlainSocketImpl.java:200) ~[na:1.7.0_80]
	at java.net.AbstractPlainSocketImpl.connect(AbstractPlainSocketImpl.java:182) ~[na:1.7.0_80]
	at java.net.PlainSocketImpl.connect(PlainSocketImpl.java:172) ~[na:1.7.0_80]
	at java.net.SocksSocketImpl.connect(SocksSocketImpl.java:392) ~[na:1.7.0_80]
	at java.net.Socket.connect(Socket.java:579) ~[na:1.7.0_80]
	at com.mysql.jdbc.StandardSocketFactory.connect(StandardSocketFactory.java:211) ~[mysql-connector-java-5.1.38.jar:5.1.38]
	at com.mysql.jdbc.MysqlIO.<init>(MysqlIO.java:298) ~[mysql-connector-java-5.1.38.jar:5.1.38]
	... 80 common frames omitted
[INFO ] 2016-03-20 21:15:32,435 --http-bio-8080-exec-10-- [com.alibaba.druid.pool.DruidDataSource] {dataSource-1} inited 
[INFO ] 2016-03-20 23:03:35,829 --localhost-startStop-1-- [org.hibernate.validator.internal.util.Version] HV000001: Hibernate Validator 5.2.2.Final 
[INFO ] 2016-03-20 23:03:39,603 --http-bio-8080-exec-5-- [com.alibaba.druid.pool.DruidDataSource] {dataSource-1} inited 
[INFO ] 2016-03-20 23:30:22,410 --ContainerBackgroundProcessor[StandardEngine[Catalina]]-- [org.hibernate.validator.internal.util.Version] HV000001: Hibernate Validator 5.2.2.Final 
[INFO ] 2016-03-20 23:32:47,182 --http-bio-8080-exec-7-- [com.alibaba.druid.pool.DruidDataSource] {dataSource-1} inited 
