[ERROR] 2016-03-15 12:33:56,449 --http-bio-8080-exec-9-- [com.alibaba.druid.pool.DruidDataSource] init datasource error, url: jdbc:mysql://112.74.124.47:3306/cynthia 
com.mysql.jdbc.exceptions.jdbc4.CommunicationsException: Communications link failure

The last packet sent successfully to the server was 0 milliseconds ago. The driver has not received any packets from the server.
	at sun.reflect.NativeConstructorAccessorImpl.newInstance0(Native Method) ~[na:1.7.0_80]
	at sun.reflect.NativeConstructorAccessorImpl.newInstance(NativeConstructorAccessorImpl.java:57) ~[na:1.7.0_80]
	at sun.reflect.DelegatingConstructorAccessorImpl.newInstance(DelegatingConstructorAccessorImpl.java:45) ~[na:1.7.0_80]
	at java.lang.reflect.Constructor.newInstance(Constructor.java:526) ~[na:1.7.0_80]
	at com.mysql.jdbc.Util.handleNewInstance(Util.java:404) ~[mysql-connector-java-5.1.38.jar:5.1.38]
	at com.mysql.jdbc.SQLError.createCommunicationsException(SQLError.java:981) ~[mysql-connector-java-5.1.38.jar:5.1.38]
	at com.mysql.jdbc.MysqlIO.<init>(MysqlIO.java:339) ~[mysql-connector-java-5.1.38.jar:5.1.38]
	at com.mysql.jdbc.ConnectionImpl.coreConnect(ConnectionImpl.java:2253) ~[mysql-connector-java-5.1.38.jar:5.1.38]
	at com.mysql.jdbc.ConnectionImpl.connectOneTryOnly(ConnectionImpl.java:2286) ~[mysql-connector-java-5.1.38.jar:5.1.38]
	at com.mysql.jdbc.ConnectionImpl.createNewIO(ConnectionImpl.java:2085) ~[mysql-connector-java-5.1.38.jar:5.1.38]
	at com.mysql.jdbc.ConnectionImpl.<init>(ConnectionImpl.java:795) ~[mysql-connector-java-5.1.38.jar:5.1.38]
	at com.mysql.jdbc.JDBC4Connection.<init>(JDBC4Connection.java:44) ~[mysql-connector-java-5.1.38.jar:5.1.38]
	at sun.reflect.NativeConstructorAccessorImpl.newInstance0(Native Method) ~[na:1.7.0_80]
	at sun.reflect.NativeConstructorAccessorImpl.newInstance(NativeConstructorAccessorImpl.java:57) ~[na:1.7.0_80]
	at sun.reflect.DelegatingConstructorAccessorImpl.newInstance(DelegatingConstructorAccessorImpl.java:45) ~[na:1.7.0_80]
	at java.lang.reflect.Constructor.newInstance(Constructor.java:526) ~[na:1.7.0_80]
	at com.mysql.jdbc.Util.handleNewInstance(Util.java:404) ~[mysql-connector-java-5.1.38.jar:5.1.38]
	at com.mysql.jdbc.ConnectionImpl.getInstance(ConnectionImpl.java:400) ~[mysql-connector-java-5.1.38.jar:5.1.38]
	at com.mysql.jdbc.NonRegisteringDriver.connect(NonRegisteringDriver.java:327) ~[mysql-connector-java-5.1.38.jar:5.1.38]
	at com.alibaba.druid.filter.FilterChainImpl.connection_connect(FilterChainImpl.java:148) ~[druid-1.0.13.jar:1.0.13]
	at com.alibaba.druid.filter.stat.StatFilter.connection_connect(StatFilter.java:211) ~[druid-1.0.13.jar:1.0.13]
	at com.alibaba.druid.filter.FilterChainImpl.connection_connect(FilterChainImpl.java:142) ~[druid-1.0.13.jar:1.0.13]
	at com.alibaba.druid.pool.DruidAbstractDataSource.createPhysicalConnection(DruidAbstractDataSource.java:1377) ~[druid-1.0.13.jar:1.0.13]
	at com.alibaba.druid.pool.DruidAbstractDataSource.createPhysicalConnection(DruidAbstractDataSource.java:1431) ~[druid-1.0.13.jar:1.0.13]
	at com.alibaba.druid.pool.DruidDataSource.init(DruidDataSource.java:632) [druid-1.0.13.jar:1.0.13]
	at com.alibaba.druid.pool.DruidDataSource.getConnection(DruidDataSource.java:934) [druid-1.0.13.jar:1.0.13]
	at com.alibaba.druid.pool.DruidDataSource.getConnection(DruidDataSource.java:930) [druid-1.0.13.jar:1.0.13]
	at com.alibaba.druid.pool.DruidDataSource.getConnection(DruidDataSource.java:102) [druid-1.0.13.jar:1.0.13]
	at org.springframework.jdbc.datasource.DataSourceUtils.doGetConnection(DataSourceUtils.java:111) [spring-jdbc-4.1.6.RELEASE.jar:4.1.6.RELEASE]
	at org.springframework.jdbc.datasource.DataSourceUtils.getConnection(DataSourceUtils.java:77) [spring-jdbc-4.1.6.RELEASE.jar:4.1.6.RELEASE]
	at org.mybatis.spring.transaction.SpringManagedTransaction.openConnection(SpringManagedTransaction.java:82) [mybatis-spring-1.2.3.jar:1.2.3]
	at org.mybatis.spring.transaction.SpringManagedTransaction.getConnection(SpringManagedTransaction.java:68) [mybatis-spring-1.2.3.jar:1.2.3]
	at org.apache.ibatis.executor.BaseExecutor.getConnection(BaseExecutor.java:279) [mybatis-3.2.8.jar:3.2.8]
	at org.apache.ibatis.executor.SimpleExecutor.prepareStatement(SimpleExecutor.java:72) [mybatis-3.2.8.jar:3.2.8]
	at org.apache.ibatis.executor.SimpleExecutor.doQuery(SimpleExecutor.java:59) [mybatis-3.2.8.jar:3.2.8]
	at org.apache.ibatis.executor.BaseExecutor.queryFromDatabase(BaseExecutor.java:267) [mybatis-3.2.8.jar:3.2.8]
	at org.apache.ibatis.executor.BaseExecutor.query(BaseExecutor.java:137) [mybatis-3.2.8.jar:3.2.8]
	at org.apache.ibatis.executor.CachingExecutor.query(CachingExecutor.java:96) [mybatis-3.2.8.jar:3.2.8]
	at org.apache.ibatis.executor.CachingExecutor.query(CachingExecutor.java:77) [mybatis-3.2.8.jar:3.2.8]
	at sun.reflect.NativeMethodAccessorImpl.invoke0(Native Method) ~[na:1.7.0_80]
	at sun.reflect.NativeMethodAccessorImpl.invoke(NativeMethodAccessorImpl.java:57) ~[na:1.7.0_80]
	at sun.reflect.DelegatingMethodAccessorImpl.invoke(DelegatingMethodAccessorImpl.java:43) ~[na:1.7.0_80]
	at java.lang.reflect.Method.invoke(Method.java:606) ~[na:1.7.0_80]
	at org.apache.ibatis.plugin.Invocation.proceed(Invocation.java:49) [mybatis-3.2.8.jar:3.2.8]
	at com.github.pagehelper.SqlUtil._processPage(SqlUtil.java:386) [pagehelper-4.0.1.jar:na]
	at com.github.pagehelper.SqlUtil.processPage(SqlUtil.java:329) [pagehelper-4.0.1.jar:na]
	at com.github.pagehelper.PageHelper.intercept(PageHelper.java:150) [pagehelper-4.0.1.jar:na]
	at org.apache.ibatis.plugin.Plugin.invoke(Plugin.java:60) [mybatis-3.2.8.jar:3.2.8]
	at com.sun.proxy.$Proxy31.query(Unknown Source) [na:na]
	at org.apache.ibatis.session.defaults.DefaultSqlSession.selectList(DefaultSqlSession.java:108) [mybatis-3.2.8.jar:3.2.8]
	at org.apache.ibatis.session.defaults.DefaultSqlSession.selectList(DefaultSqlSession.java:102) [mybatis-3.2.8.jar:3.2.8]
	at sun.reflect.NativeMethodAccessorImpl.invoke0(Native Method) ~[na:1.7.0_80]
	at sun.reflect.NativeMethodAccessorImpl.invoke(NativeMethodAccessorImpl.java:57) ~[na:1.7.0_80]
	at sun.reflect.DelegatingMethodAccessorImpl.invoke(DelegatingMethodAccessorImpl.java:43) ~[na:1.7.0_80]
	at java.lang.reflect.Method.invoke(Method.java:606) ~[na:1.7.0_80]
	at org.mybatis.spring.SqlSessionTemplate$SqlSessionInterceptor.invoke(SqlSessionTemplate.java:386) [mybatis-spring-1.2.3.jar:1.2.3]
	at com.sun.proxy.$Proxy18.selectList(Unknown Source) [na:na]
	at org.mybatis.spring.SqlSessionTemplate.selectList(SqlSessionTemplate.java:205) [mybatis-spring-1.2.3.jar:1.2.3]
	at org.apache.ibatis.binding.MapperMethod.executeForMany(MapperMethod.java:119) [mybatis-3.2.8.jar:3.2.8]
	at org.apache.ibatis.binding.MapperMethod.execute(MapperMethod.java:63) [mybatis-3.2.8.jar:3.2.8]
	at org.apache.ibatis.binding.MapperProxy.invoke(MapperProxy.java:52) [mybatis-3.2.8.jar:3.2.8]
	at com.sun.proxy.$Proxy23.selectList(Unknown Source) [na:na]
	at com.chance.cynthia.core.common.base.BaseService.selectList(BaseService.java:62) [cynthia-core-0.0.1-SNAPSHOT.jar:na]
	at com.chance.cynthia.core.common.base.BaseService.pagination(BaseService.java:75) [cynthia-core-0.0.1-SNAPSHOT.jar:na]
	at com.chance.cynthia.core.common.base.BaseService$$FastClassBySpringCGLIB$$4bb82d32.invoke(<generated>) [spring-core-4.1.6.RELEASE.jar:na]
	at org.springframework.cglib.proxy.MethodProxy.invoke(MethodProxy.java:204) [spring-core-4.1.6.RELEASE.jar:4.1.6.RELEASE]
	at org.springframework.aop.framework.CglibAopProxy$DynamicAdvisedInterceptor.intercept(CglibAopProxy.java:649) [spring-aop-4.1.6.RELEASE.jar:4.1.6.RELEASE]
	at com.chance.cynthia.core.service.order.DealOfOrderService$$EnhancerBySpringCGLIB$$2e735bb3.pagination(<generated>) [spring-core-4.1.6.RELEASE.jar:na]
	at com.chance.cynthia.controller.order.OrderMgrController.queryOrderList(OrderMgrController.java:36) [classes/:na]
	at sun.reflect.NativeMethodAccessorImpl.invoke0(Native Method) ~[na:1.7.0_80]
	at sun.reflect.NativeMethodAccessorImpl.invoke(NativeMethodAccessorImpl.java:57) ~[na:1.7.0_80]
	at sun.reflect.DelegatingMethodAccessorImpl.invoke(DelegatingMethodAccessorImpl.java:43) ~[na:1.7.0_80]
	at java.lang.reflect.Method.invoke(Method.java:606) ~[na:1.7.0_80]
	at org.springframework.web.method.support.InvocableHandlerMethod.doInvoke(InvocableHandlerMethod.java:221) [spring-web-4.1.6.RELEASE.jar:4.1.6.RELEASE]
	at org.springframework.web.method.support.InvocableHandlerMethod.invokeForRequest(InvocableHandlerMethod.java:137) [spring-web-4.1.6.RELEASE.jar:4.1.6.RELEASE]
	at org.springframework.web.servlet.mvc.method.annotation.ServletInvocableHandlerMethod.invokeAndHandle(ServletInvocableHandlerMethod.java:110) [spring-webmvc-4.1.6.RELEASE.jar:4.1.6.RELEASE]
	at org.springframework.web.servlet.mvc.method.annotation.RequestMappingHandlerAdapter.invokeHandleMethod(RequestMappingHandlerAdapter.java:776) [spring-webmvc-4.1.6.RELEASE.jar:4.1.6.RELEASE]
	at org.springframework.web.servlet.mvc.method.annotation.RequestMappingHandlerAdapter.handleInternal(RequestMappingHandlerAdapter.java:705) [spring-webmvc-4.1.6.RELEASE.jar:4.1.6.RELEASE]
	at org.springframework.web.servlet.mvc.method.AbstractHandlerMethodAdapter.handle(AbstractHandlerMethodAdapter.java:85) [spring-webmvc-4.1.6.RELEASE.jar:4.1.6.RELEASE]
	at org.springframework.web.servlet.DispatcherServlet.doDispatch(DispatcherServlet.java:959) [spring-webmvc-4.1.6.RELEASE.jar:4.1.6.RELEASE]
	at org.springframework.web.servlet.DispatcherServlet.doService(DispatcherServlet.java:893) [spring-webmvc-4.1.6.RELEASE.jar:4.1.6.RELEASE]
	at org.springframework.web.servlet.FrameworkServlet.processRequest(FrameworkServlet.java:966) [spring-webmvc-4.1.6.RELEASE.jar:4.1.6.RELEASE]
	at org.springframework.web.servlet.FrameworkServlet.doPost(FrameworkServlet.java:868) [spring-webmvc-4.1.6.RELEASE.jar:4.1.6.RELEASE]
	at javax.servlet.http.HttpServlet.service(HttpServlet.java:650) [servlet-api.jar:na]
	at org.springframework.web.servlet.FrameworkServlet.service(FrameworkServlet.java:842) [spring-webmvc-4.1.6.RELEASE.jar:4.1.6.RELEASE]
	at javax.servlet.http.HttpServlet.service(HttpServlet.java:731) [servlet-api.jar:na]
	at org.apache.catalina.core.ApplicationFilterChain.internalDoFilter(ApplicationFilterChain.java:303) [catalina.jar:7.0.68]
	at org.apache.catalina.core.ApplicationFilterChain.doFilter(ApplicationFilterChain.java:208) [catalina.jar:7.0.68]
	at org.apache.tomcat.websocket.server.WsFilter.doFilter(WsFilter.java:52) [tomcat7-websocket.jar:7.0.68]
	at org.apache.catalina.core.ApplicationFilterChain.internalDoFilter(ApplicationFilterChain.java:241) [catalina.jar:7.0.68]
	at org.apache.catalina.core.ApplicationFilterChain.doFilter(ApplicationFilterChain.java:208) [catalina.jar:7.0.68]
	at org.sitemesh.webapp.SiteMeshFilter.doFilter(SiteMeshFilter.java:115) [sitemesh-3.0.0.jar:na]
	at org.sitemesh.config.ConfigurableSiteMeshFilter.doFilter(ConfigurableSiteMeshFilter.java:163) [sitemesh-3.0.0.jar:na]
	at org.apache.catalina.core.ApplicationFilterChain.internalDoFilter(ApplicationFilterChain.java:241) [catalina.jar:7.0.68]
	at org.apache.catalina.core.ApplicationFilterChain.doFilter(ApplicationFilterChain.java:208) [catalina.jar:7.0.68]
	at org.springframework.web.filter.CharacterEncodingFilter.doFilterInternal(CharacterEncodingFilter.java:85) [spring-web-4.1.6.RELEASE.jar:4.1.6.RELEASE]
	at org.springframework.web.filter.OncePerRequestFilter.doFilter(OncePerRequestFilter.java:107) [spring-web-4.1.6.RELEASE.jar:4.1.6.RELEASE]
	at org.apache.catalina.core.ApplicationFilterChain.internalDoFilter(ApplicationFilterChain.java:241) [catalina.jar:7.0.68]
	at org.apache.catalina.core.ApplicationFilterChain.doFilter(ApplicationFilterChain.java:208) [catalina.jar:7.0.68]
	at com.chance.cynthia.core.common.filter.PathFilter.doFilter(PathFilter.java:46) [cynthia-core-0.0.1-SNAPSHOT.jar:na]
	at org.apache.catalina.core.ApplicationFilterChain.internalDoFilter(ApplicationFilterChain.java:241) [catalina.jar:7.0.68]
	at org.apache.catalina.core.ApplicationFilterChain.doFilter(ApplicationFilterChain.java:208) [catalina.jar:7.0.68]
	at org.apache.catalina.core.StandardWrapperValve.invoke(StandardWrapperValve.java:220) [catalina.jar:7.0.68]
	at org.apache.catalina.core.StandardContextValve.invoke(StandardContextValve.java:122) [catalina.jar:7.0.68]
	at org.apache.catalina.authenticator.AuthenticatorBase.invoke(AuthenticatorBase.java:505) [catalina.jar:7.0.68]
	at org.apache.catalina.core.StandardHostValve.invoke(StandardHostValve.java:169) [catalina.jar:7.0.68]
	at org.apache.catalina.valves.ErrorReportValve.invoke(ErrorReportValve.java:103) [catalina.jar:7.0.68]
	at org.apache.catalina.valves.AccessLogValve.invoke(AccessLogValve.java:956) [catalina.jar:7.0.68]
	at org.apache.catalina.core.StandardEngineValve.invoke(StandardEngineValve.java:116) [catalina.jar:7.0.68]
	at org.apache.catalina.connector.CoyoteAdapter.service(CoyoteAdapter.java:436) [catalina.jar:7.0.68]
	at org.apache.coyote.http11.AbstractHttp11Processor.process(AbstractHttp11Processor.java:1078) [tomcat-coyote.jar:7.0.68]
	at org.apache.coyote.AbstractProtocol$AbstractConnectionHandler.process(AbstractProtocol.java:625) [tomcat-coyote.jar:7.0.68]
	at org.apache.tomcat.util.net.JIoEndpoint$SocketProcessor.run(JIoEndpoint.java:318) [tomcat-coyote.jar:7.0.68]
	at java.util.concurrent.ThreadPoolExecutor.runWorker(ThreadPoolExecutor.java:1145) [na:1.7.0_80]
	at java.util.concurrent.ThreadPoolExecutor$Worker.run(ThreadPoolExecutor.java:615) [na:1.7.0_80]
	at org.apache.tomcat.util.threads.TaskThread$WrappingRunnable.run(TaskThread.java:61) [tomcat-coyote.jar:7.0.68]
	at java.lang.Thread.run(Thread.java:745) [na:1.7.0_80]
Caused by: java.net.NoRouteToHostException: No route to host: connect
	at java.net.DualStackPlainSocketImpl.connect0(Native Method) ~[na:1.7.0_80]
	at java.net.DualStackPlainSocketImpl.socketConnect(DualStackPlainSocketImpl.java:79) ~[na:1.7.0_80]
	at java.net.AbstractPlainSocketImpl.doConnect(AbstractPlainSocketImpl.java:339) ~[na:1.7.0_80]
	at java.net.AbstractPlainSocketImpl.connectToAddress(AbstractPlainSocketImpl.java:200) ~[na:1.7.0_80]
	at java.net.AbstractPlainSocketImpl.connect(AbstractPlainSocketImpl.java:182) ~[na:1.7.0_80]
	at java.net.PlainSocketImpl.connect(PlainSocketImpl.java:172) ~[na:1.7.0_80]
	at java.net.SocksSocketImpl.connect(SocksSocketImpl.java:392) ~[na:1.7.0_80]
	at java.net.Socket.connect(Socket.java:579) ~[na:1.7.0_80]
	at com.mysql.jdbc.StandardSocketFactory.connect(StandardSocketFactory.java:211) ~[mysql-connector-java-5.1.38.jar:5.1.38]
	at com.mysql.jdbc.MysqlIO.<init>(MysqlIO.java:298) ~[mysql-connector-java-5.1.38.jar:5.1.38]
	... 110 common frames omitted
[ERROR] 2016-03-15 12:33:56,461 --http-bio-8080-exec-9-- [com.alibaba.druid.pool.DruidDataSource] dataSource init error 
com.mysql.jdbc.exceptions.jdbc4.CommunicationsException: Communications link failure

The last packet sent successfully to the server was 0 milliseconds ago. The driver has not received any packets from the server.
	at sun.reflect.NativeConstructorAccessorImpl.newInstance0(Native Method) ~[na:1.7.0_80]
	at sun.reflect.NativeConstructorAccessorImpl.newInstance(NativeConstructorAccessorImpl.java:57) ~[na:1.7.0_80]
	at sun.reflect.DelegatingConstructorAccessorImpl.newInstance(DelegatingConstructorAccessorImpl.java:45) ~[na:1.7.0_80]
	at java.lang.reflect.Constructor.newInstance(Constructor.java:526) ~[na:1.7.0_80]
	at com.mysql.jdbc.Util.handleNewInstance(Util.java:404) ~[mysql-connector-java-5.1.38.jar:5.1.38]
	at com.mysql.jdbc.SQLError.createCommunicationsException(SQLError.java:981) ~[mysql-connector-java-5.1.38.jar:5.1.38]
	at com.mysql.jdbc.MysqlIO.<init>(MysqlIO.java:339) ~[mysql-connector-java-5.1.38.jar:5.1.38]
	at com.mysql.jdbc.ConnectionImpl.coreConnect(ConnectionImpl.java:2253) ~[mysql-connector-java-5.1.38.jar:5.1.38]
	at com.mysql.jdbc.ConnectionImpl.connectOneTryOnly(ConnectionImpl.java:2286) ~[mysql-connector-java-5.1.38.jar:5.1.38]
	at com.mysql.jdbc.ConnectionImpl.createNewIO(ConnectionImpl.java:2085) ~[mysql-connector-java-5.1.38.jar:5.1.38]
	at com.mysql.jdbc.ConnectionImpl.<init>(ConnectionImpl.java:795) ~[mysql-connector-java-5.1.38.jar:5.1.38]
	at com.mysql.jdbc.JDBC4Connection.<init>(JDBC4Connection.java:44) ~[mysql-connector-java-5.1.38.jar:5.1.38]
	at sun.reflect.NativeConstructorAccessorImpl.newInstance0(Native Method) ~[na:1.7.0_80]
	at sun.reflect.NativeConstructorAccessorImpl.newInstance(NativeConstructorAccessorImpl.java:57) ~[na:1.7.0_80]
	at sun.reflect.DelegatingConstructorAccessorImpl.newInstance(DelegatingConstructorAccessorImpl.java:45) ~[na:1.7.0_80]
	at java.lang.reflect.Constructor.newInstance(Constructor.java:526) ~[na:1.7.0_80]
	at com.mysql.jdbc.Util.handleNewInstance(Util.java:404) ~[mysql-connector-java-5.1.38.jar:5.1.38]
	at com.mysql.jdbc.ConnectionImpl.getInstance(ConnectionImpl.java:400) ~[mysql-connector-java-5.1.38.jar:5.1.38]
	at com.mysql.jdbc.NonRegisteringDriver.connect(NonRegisteringDriver.java:327) ~[mysql-connector-java-5.1.38.jar:5.1.38]
	at com.alibaba.druid.filter.FilterChainImpl.connection_connect(FilterChainImpl.java:148) ~[druid-1.0.13.jar:1.0.13]
	at com.alibaba.druid.filter.stat.StatFilter.connection_connect(StatFilter.java:211) ~[druid-1.0.13.jar:1.0.13]
	at com.alibaba.druid.filter.FilterChainImpl.connection_connect(FilterChainImpl.java:142) ~[druid-1.0.13.jar:1.0.13]
	at com.alibaba.druid.pool.DruidAbstractDataSource.createPhysicalConnection(DruidAbstractDataSource.java:1377) ~[druid-1.0.13.jar:1.0.13]
	at com.alibaba.druid.pool.DruidAbstractDataSource.createPhysicalConnection(DruidAbstractDataSource.java:1431) ~[druid-1.0.13.jar:1.0.13]
	at com.alibaba.druid.pool.DruidDataSource.init(DruidDataSource.java:632) [druid-1.0.13.jar:1.0.13]
	at com.alibaba.druid.pool.DruidDataSource.getConnection(DruidDataSource.java:934) [druid-1.0.13.jar:1.0.13]
	at com.alibaba.druid.pool.DruidDataSource.getConnection(DruidDataSource.java:930) [druid-1.0.13.jar:1.0.13]
	at com.alibaba.druid.pool.DruidDataSource.getConnection(DruidDataSource.java:102) [druid-1.0.13.jar:1.0.13]
	at org.springframework.jdbc.datasource.DataSourceUtils.doGetConnection(DataSourceUtils.java:111) [spring-jdbc-4.1.6.RELEASE.jar:4.1.6.RELEASE]
	at org.springframework.jdbc.datasource.DataSourceUtils.getConnection(DataSourceUtils.java:77) [spring-jdbc-4.1.6.RELEASE.jar:4.1.6.RELEASE]
	at org.mybatis.spring.transaction.SpringManagedTransaction.openConnection(SpringManagedTransaction.java:82) [mybatis-spring-1.2.3.jar:1.2.3]
	at org.mybatis.spring.transaction.SpringManagedTransaction.getConnection(SpringManagedTransaction.java:68) [mybatis-spring-1.2.3.jar:1.2.3]
	at org.apache.ibatis.executor.BaseExecutor.getConnection(BaseExecutor.java:279) [mybatis-3.2.8.jar:3.2.8]
	at org.apache.ibatis.executor.SimpleExecutor.prepareStatement(SimpleExecutor.java:72) [mybatis-3.2.8.jar:3.2.8]
	at org.apache.ibatis.executor.SimpleExecutor.doQuery(SimpleExecutor.java:59) [mybatis-3.2.8.jar:3.2.8]
	at org.apache.ibatis.executor.BaseExecutor.queryFromDatabase(BaseExecutor.java:267) [mybatis-3.2.8.jar:3.2.8]
	at org.apache.ibatis.executor.BaseExecutor.query(BaseExecutor.java:137) [mybatis-3.2.8.jar:3.2.8]
	at org.apache.ibatis.executor.CachingExecutor.query(CachingExecutor.java:96) [mybatis-3.2.8.jar:3.2.8]
	at org.apache.ibatis.executor.CachingExecutor.query(CachingExecutor.java:77) [mybatis-3.2.8.jar:3.2.8]
	at sun.reflect.NativeMethodAccessorImpl.invoke0(Native Method) ~[na:1.7.0_80]
	at sun.reflect.NativeMethodAccessorImpl.invoke(NativeMethodAccessorImpl.java:57) ~[na:1.7.0_80]
	at sun.reflect.DelegatingMethodAccessorImpl.invoke(DelegatingMethodAccessorImpl.java:43) ~[na:1.7.0_80]
	at java.lang.reflect.Method.invoke(Method.java:606) ~[na:1.7.0_80]
	at org.apache.ibatis.plugin.Invocation.proceed(Invocation.java:49) [mybatis-3.2.8.jar:3.2.8]
	at com.github.pagehelper.SqlUtil._processPage(SqlUtil.java:386) [pagehelper-4.0.1.jar:na]
	at com.github.pagehelper.SqlUtil.processPage(SqlUtil.java:329) [pagehelper-4.0.1.jar:na]
	at com.github.pagehelper.PageHelper.intercept(PageHelper.java:150) [pagehelper-4.0.1.jar:na]
	at org.apache.ibatis.plugin.Plugin.invoke(Plugin.java:60) [mybatis-3.2.8.jar:3.2.8]
	at com.sun.proxy.$Proxy31.query(Unknown Source) [na:na]
	at org.apache.ibatis.session.defaults.DefaultSqlSession.selectList(DefaultSqlSession.java:108) [mybatis-3.2.8.jar:3.2.8]
	at org.apache.ibatis.session.defaults.DefaultSqlSession.selectList(DefaultSqlSession.java:102) [mybatis-3.2.8.jar:3.2.8]
	at sun.reflect.NativeMethodAccessorImpl.invoke0(Native Method) ~[na:1.7.0_80]
	at sun.reflect.NativeMethodAccessorImpl.invoke(NativeMethodAccessorImpl.java:57) ~[na:1.7.0_80]
	at sun.reflect.DelegatingMethodAccessorImpl.invoke(DelegatingMethodAccessorImpl.java:43) ~[na:1.7.0_80]
	at java.lang.reflect.Method.invoke(Method.java:606) ~[na:1.7.0_80]
	at org.mybatis.spring.SqlSessionTemplate$SqlSessionInterceptor.invoke(SqlSessionTemplate.java:386) [mybatis-spring-1.2.3.jar:1.2.3]
	at com.sun.proxy.$Proxy18.selectList(Unknown Source) [na:na]
	at org.mybatis.spring.SqlSessionTemplate.selectList(SqlSessionTemplate.java:205) [mybatis-spring-1.2.3.jar:1.2.3]
	at org.apache.ibatis.binding.MapperMethod.executeForMany(MapperMethod.java:119) [mybatis-3.2.8.jar:3.2.8]
	at org.apache.ibatis.binding.MapperMethod.execute(MapperMethod.java:63) [mybatis-3.2.8.jar:3.2.8]
	at org.apache.ibatis.binding.MapperProxy.invoke(MapperProxy.java:52) [mybatis-3.2.8.jar:3.2.8]
	at com.sun.proxy.$Proxy23.selectList(Unknown Source) [na:na]
	at com.chance.cynthia.core.common.base.BaseService.selectList(BaseService.java:62) [cynthia-core-0.0.1-SNAPSHOT.jar:na]
	at com.chance.cynthia.core.common.base.BaseService.pagination(BaseService.java:75) [cynthia-core-0.0.1-SNAPSHOT.jar:na]
	at com.chance.cynthia.core.common.base.BaseService$$FastClassBySpringCGLIB$$4bb82d32.invoke(<generated>) [spring-core-4.1.6.RELEASE.jar:na]
	at org.springframework.cglib.proxy.MethodProxy.invoke(MethodProxy.java:204) [spring-core-4.1.6.RELEASE.jar:4.1.6.RELEASE]
	at org.springframework.aop.framework.CglibAopProxy$DynamicAdvisedInterceptor.intercept(CglibAopProxy.java:649) [spring-aop-4.1.6.RELEASE.jar:4.1.6.RELEASE]
	at com.chance.cynthia.core.service.order.DealOfOrderService$$EnhancerBySpringCGLIB$$2e735bb3.pagination(<generated>) [spring-core-4.1.6.RELEASE.jar:na]
	at com.chance.cynthia.controller.order.OrderMgrController.queryOrderList(OrderMgrController.java:36) [classes/:na]
	at sun.reflect.NativeMethodAccessorImpl.invoke0(Native Method) ~[na:1.7.0_80]
	at sun.reflect.NativeMethodAccessorImpl.invoke(NativeMethodAccessorImpl.java:57) ~[na:1.7.0_80]
	at sun.reflect.DelegatingMethodAccessorImpl.invoke(DelegatingMethodAccessorImpl.java:43) ~[na:1.7.0_80]
	at java.lang.reflect.Method.invoke(Method.java:606) ~[na:1.7.0_80]
	at org.springframework.web.method.support.InvocableHandlerMethod.doInvoke(InvocableHandlerMethod.java:221) [spring-web-4.1.6.RELEASE.jar:4.1.6.RELEASE]
	at org.springframework.web.method.support.InvocableHandlerMethod.invokeForRequest(InvocableHandlerMethod.java:137) [spring-web-4.1.6.RELEASE.jar:4.1.6.RELEASE]
	at org.springframework.web.servlet.mvc.method.annotation.ServletInvocableHandlerMethod.invokeAndHandle(ServletInvocableHandlerMethod.java:110) [spring-webmvc-4.1.6.RELEASE.jar:4.1.6.RELEASE]
	at org.springframework.web.servlet.mvc.method.annotation.RequestMappingHandlerAdapter.invokeHandleMethod(RequestMappingHandlerAdapter.java:776) [spring-webmvc-4.1.6.RELEASE.jar:4.1.6.RELEASE]
	at org.springframework.web.servlet.mvc.method.annotation.RequestMappingHandlerAdapter.handleInternal(RequestMappingHandlerAdapter.java:705) [spring-webmvc-4.1.6.RELEASE.jar:4.1.6.RELEASE]
	at org.springframework.web.servlet.mvc.method.AbstractHandlerMethodAdapter.handle(AbstractHandlerMethodAdapter.java:85) [spring-webmvc-4.1.6.RELEASE.jar:4.1.6.RELEASE]
	at org.springframework.web.servlet.DispatcherServlet.doDispatch(DispatcherServlet.java:959) [spring-webmvc-4.1.6.RELEASE.jar:4.1.6.RELEASE]
	at org.springframework.web.servlet.DispatcherServlet.doService(DispatcherServlet.java:893) [spring-webmvc-4.1.6.RELEASE.jar:4.1.6.RELEASE]
	at org.springframework.web.servlet.FrameworkServlet.processRequest(FrameworkServlet.java:966) [spring-webmvc-4.1.6.RELEASE.jar:4.1.6.RELEASE]
	at org.springframework.web.servlet.FrameworkServlet.doPost(FrameworkServlet.java:868) [spring-webmvc-4.1.6.RELEASE.jar:4.1.6.RELEASE]
	at javax.servlet.http.HttpServlet.service(HttpServlet.java:650) [servlet-api.jar:na]
	at org.springframework.web.servlet.FrameworkServlet.service(FrameworkServlet.java:842) [spring-webmvc-4.1.6.RELEASE.jar:4.1.6.RELEASE]
	at javax.servlet.http.HttpServlet.service(HttpServlet.java:731) [servlet-api.jar:na]
	at org.apache.catalina.core.ApplicationFilterChain.internalDoFilter(ApplicationFilterChain.java:303) [catalina.jar:7.0.68]
	at org.apache.catalina.core.ApplicationFilterChain.doFilter(ApplicationFilterChain.java:208) [catalina.jar:7.0.68]
	at org.apache.tomcat.websocket.server.WsFilter.doFilter(WsFilter.java:52) [tomcat7-websocket.jar:7.0.68]
	at org.apache.catalina.core.ApplicationFilterChain.internalDoFilter(ApplicationFilterChain.java:241) [catalina.jar:7.0.68]
	at org.apache.catalina.core.ApplicationFilterChain.doFilter(ApplicationFilterChain.java:208) [catalina.jar:7.0.68]
	at org.sitemesh.webapp.SiteMeshFilter.doFilter(SiteMeshFilter.java:115) [sitemesh-3.0.0.jar:na]
	at org.sitemesh.config.ConfigurableSiteMeshFilter.doFilter(ConfigurableSiteMeshFilter.java:163) [sitemesh-3.0.0.jar:na]
	at org.apache.catalina.core.ApplicationFilterChain.internalDoFilter(ApplicationFilterChain.java:241) [catalina.jar:7.0.68]
	at org.apache.catalina.core.ApplicationFilterChain.doFilter(ApplicationFilterChain.java:208) [catalina.jar:7.0.68]
	at org.springframework.web.filter.CharacterEncodingFilter.doFilterInternal(CharacterEncodingFilter.java:85) [spring-web-4.1.6.RELEASE.jar:4.1.6.RELEASE]
	at org.springframework.web.filter.OncePerRequestFilter.doFilter(OncePerRequestFilter.java:107) [spring-web-4.1.6.RELEASE.jar:4.1.6.RELEASE]
	at org.apache.catalina.core.ApplicationFilterChain.internalDoFilter(ApplicationFilterChain.java:241) [catalina.jar:7.0.68]
	at org.apache.catalina.core.ApplicationFilterChain.doFilter(ApplicationFilterChain.java:208) [catalina.jar:7.0.68]
	at com.chance.cynthia.core.common.filter.PathFilter.doFilter(PathFilter.java:46) [cynthia-core-0.0.1-SNAPSHOT.jar:na]
	at org.apache.catalina.core.ApplicationFilterChain.internalDoFilter(ApplicationFilterChain.java:241) [catalina.jar:7.0.68]
	at org.apache.catalina.core.ApplicationFilterChain.doFilter(ApplicationFilterChain.java:208) [catalina.jar:7.0.68]
	at org.apache.catalina.core.StandardWrapperValve.invoke(StandardWrapperValve.java:220) [catalina.jar:7.0.68]
	at org.apache.catalina.core.StandardContextValve.invoke(StandardContextValve.java:122) [catalina.jar:7.0.68]
	at org.apache.catalina.authenticator.AuthenticatorBase.invoke(AuthenticatorBase.java:505) [catalina.jar:7.0.68]
	at org.apache.catalina.core.StandardHostValve.invoke(StandardHostValve.java:169) [catalina.jar:7.0.68]
	at org.apache.catalina.valves.ErrorReportValve.invoke(ErrorReportValve.java:103) [catalina.jar:7.0.68]
	at org.apache.catalina.valves.AccessLogValve.invoke(AccessLogValve.java:956) [catalina.jar:7.0.68]
	at org.apache.catalina.core.StandardEngineValve.invoke(StandardEngineValve.java:116) [catalina.jar:7.0.68]
	at org.apache.catalina.connector.CoyoteAdapter.service(CoyoteAdapter.java:436) [catalina.jar:7.0.68]
	at org.apache.coyote.http11.AbstractHttp11Processor.process(AbstractHttp11Processor.java:1078) [tomcat-coyote.jar:7.0.68]
	at org.apache.coyote.AbstractProtocol$AbstractConnectionHandler.process(AbstractProtocol.java:625) [tomcat-coyote.jar:7.0.68]
	at org.apache.tomcat.util.net.JIoEndpoint$SocketProcessor.run(JIoEndpoint.java:318) [tomcat-coyote.jar:7.0.68]
	at java.util.concurrent.ThreadPoolExecutor.runWorker(ThreadPoolExecutor.java:1145) [na:1.7.0_80]
	at java.util.concurrent.ThreadPoolExecutor$Worker.run(ThreadPoolExecutor.java:615) [na:1.7.0_80]
	at org.apache.tomcat.util.threads.TaskThread$WrappingRunnable.run(TaskThread.java:61) [tomcat-coyote.jar:7.0.68]
	at java.lang.Thread.run(Thread.java:745) [na:1.7.0_80]
Caused by: java.net.NoRouteToHostException: No route to host: connect
	at java.net.DualStackPlainSocketImpl.connect0(Native Method) ~[na:1.7.0_80]
	at java.net.DualStackPlainSocketImpl.socketConnect(DualStackPlainSocketImpl.java:79) ~[na:1.7.0_80]
	at java.net.AbstractPlainSocketImpl.doConnect(AbstractPlainSocketImpl.java:339) ~[na:1.7.0_80]
	at java.net.AbstractPlainSocketImpl.connectToAddress(AbstractPlainSocketImpl.java:200) ~[na:1.7.0_80]
	at java.net.AbstractPlainSocketImpl.connect(AbstractPlainSocketImpl.java:182) ~[na:1.7.0_80]
	at java.net.PlainSocketImpl.connect(PlainSocketImpl.java:172) ~[na:1.7.0_80]
	at java.net.SocksSocketImpl.connect(SocksSocketImpl.java:392) ~[na:1.7.0_80]
	at java.net.Socket.connect(Socket.java:579) ~[na:1.7.0_80]
	at com.mysql.jdbc.StandardSocketFactory.connect(StandardSocketFactory.java:211) ~[mysql-connector-java-5.1.38.jar:5.1.38]
	at com.mysql.jdbc.MysqlIO.<init>(MysqlIO.java:298) ~[mysql-connector-java-5.1.38.jar:5.1.38]
	... 110 common frames omitted
