[INFO ] 2016-03-17 11:11:16,332 --localhost-startStop-1-- [org.hibernate.validator.internal.util.Version] HV000001: Hibernate Validator 5.2.2.Final 
[ERROR] 2016-03-17 11:59:11,521 --http-bio-8080-exec-5-- [com.alibaba.druid.pool.DruidDataSource] init datasource error, url: jdbc:mysql://localhost:3306/mysql 
com.mysql.jdbc.exceptions.jdbc4.CommunicationsException: Communications link failure

The last packet sent successfully to the server was 0 milliseconds ago. The driver has not received any packets from the server.
	at sun.reflect.NativeConstructorAccessorImpl.newInstance0(Native Method) ~[na:1.7.0_80]
	at sun.reflect.NativeConstructorAccessorImpl.newInstance(NativeConstructorAccessorImpl.java:57) ~[na:1.7.0_80]
	at sun.reflect.DelegatingConstructorAccessorImpl.newInstance(DelegatingConstructorAccessorImpl.java:45) ~[na:1.7.0_80]
	at java.lang.reflect.Constructor.newInstance(Constructor.java:526) ~[na:1.7.0_80]
	at com.mysql.jdbc.Util.handleNewInstance(Util.java:404) ~[mysql-connector-java-5.1.38.jar:5.1.38]
	at com.mysql.jdbc.SQLError.createCommunicationsException(SQLError.java:981) ~[mysql-connector-java-5.1.38.jar:5.1.38]
	at com.mysql.jdbc.MysqlIO.<init>(MysqlIO.java:339) ~[mysql-connector-java-5.1.38.jar:5.1.38]
	at com.mysql.jdbc.ConnectionImpl.coreConnect(ConnectionImpl.java:2253) ~[mysql-connector-java-5.1.38.jar:5.1.38]
	at com.mysql.jdbc.ConnectionImpl.connectOneTryOnly(ConnectionImpl.java:2286) ~[mysql-connector-java-5.1.38.jar:5.1.38]
	at com.mysql.jdbc.ConnectionImpl.createNewIO(ConnectionImpl.java:2085) ~[mysql-connector-java-5.1.38.jar:5.1.38]
	at com.mysql.jdbc.ConnectionImpl.<init>(ConnectionImpl.java:795) ~[mysql-connector-java-5.1.38.jar:5.1.38]
	at com.mysql.jdbc.JDBC4Connection.<init>(JDBC4Connection.java:44) ~[mysql-connector-java-5.1.38.jar:5.1.38]
	at sun.reflect.NativeConstructorAccessorImpl.newInstance0(Native Method) ~[na:1.7.0_80]
	at sun.reflect.NativeConstructorAccessorImpl.newInstance(NativeConstructorAccessorImpl.java:57) ~[na:1.7.0_80]
	at sun.reflect.DelegatingConstructorAccessorImpl.newInstance(DelegatingConstructorAccessorImpl.java:45) ~[na:1.7.0_80]
	at java.lang.reflect.Constructor.newInstance(Constructor.java:526) ~[na:1.7.0_80]
	at com.mysql.jdbc.Util.handleNewInstance(Util.java:404) ~[mysql-connector-java-5.1.38.jar:5.1.38]
	at com.mysql.jdbc.ConnectionImpl.getInstance(ConnectionImpl.java:400) ~[mysql-connector-java-5.1.38.jar:5.1.38]
	at com.mysql.jdbc.NonRegisteringDriver.connect(NonRegisteringDriver.java:327) ~[mysql-connector-java-5.1.38.jar:5.1.38]
	at com.alibaba.druid.filter.FilterChainImpl.connection_connect(FilterChainImpl.java:148) ~[druid-1.0.13.jar:1.0.13]
	at com.alibaba.druid.filter.stat.StatFilter.connection_connect(StatFilter.java:211) ~[druid-1.0.13.jar:1.0.13]
	at com.alibaba.druid.filter.FilterChainImpl.connection_connect(FilterChainImpl.java:142) ~[druid-1.0.13.jar:1.0.13]
	at com.alibaba.druid.pool.DruidAbstractDataSource.createPhysicalConnection(DruidAbstractDataSource.java:1377) ~[druid-1.0.13.jar:1.0.13]
	at com.alibaba.druid.pool.DruidAbstractDataSource.createPhysicalConnection(DruidAbstractDataSource.java:1431) ~[druid-1.0.13.jar:1.0.13]
	at com.alibaba.druid.pool.DruidDataSource.init(DruidDataSource.java:632) [druid-1.0.13.jar:1.0.13]
	at com.alibaba.druid.pool.DruidDataSource.getConnection(DruidDataSource.java:934) [druid-1.0.13.jar:1.0.13]
	at com.alibaba.druid.pool.DruidDataSource.getConnection(DruidDataSource.java:930) [druid-1.0.13.jar:1.0.13]
	at com.alibaba.druid.pool.DruidDataSource.getConnection(DruidDataSource.java:102) [druid-1.0.13.jar:1.0.13]
	at org.springframework.jdbc.datasource.DataSourceTransactionManager.doBegin(DataSourceTransactionManager.java:204) [spring-jdbc-4.1.6.RELEASE.jar:4.1.6.RELEASE]
	at org.springframework.transaction.support.AbstractPlatformTransactionManager.getTransaction(AbstractPlatformTransactionManager.java:373) [spring-tx-4.1.6.RELEASE.jar:4.1.6.RELEASE]
	at org.springframework.transaction.interceptor.TransactionAspectSupport.createTransactionIfNecessary(TransactionAspectSupport.java:463) [spring-tx-4.1.6.RELEASE.jar:4.1.6.RELEASE]
	at org.springframework.transaction.interceptor.TransactionAspectSupport.invokeWithinTransaction(TransactionAspectSupport.java:276) [spring-tx-4.1.6.RELEASE.jar:4.1.6.RELEASE]
	at org.springframework.transaction.interceptor.TransactionInterceptor.invoke(TransactionInterceptor.java:96) [spring-tx-4.1.6.RELEASE.jar:4.1.6.RELEASE]
	at org.springframework.aop.framework.ReflectiveMethodInvocation.proceed(ReflectiveMethodInvocation.java:179) [spring-aop-4.1.6.RELEASE.jar:4.1.6.RELEASE]
	at org.springframework.aop.framework.CglibAopProxy$DynamicAdvisedInterceptor.intercept(CglibAopProxy.java:653) [spring-aop-4.1.6.RELEASE.jar:4.1.6.RELEASE]
	at com.chance.cynthia.core.service.commondity.CommodityColumnService$$EnhancerBySpringCGLIB$$7de32c2d.selectListAll(<generated>) [spring-core-4.1.6.RELEASE.jar:na]
	at com.chance.cynthia.controller.commodity.CommodityMgrController.queryCommodityList(CommodityMgrController.java:48) [classes/:na]
	at sun.reflect.NativeMethodAccessorImpl.invoke0(Native Method) ~[na:1.7.0_80]
	at sun.reflect.NativeMethodAccessorImpl.invoke(NativeMethodAccessorImpl.java:57) ~[na:1.7.0_80]
	at sun.reflect.DelegatingMethodAccessorImpl.invoke(DelegatingMethodAccessorImpl.java:43) ~[na:1.7.0_80]
	at java.lang.reflect.Method.invoke(Method.java:606) ~[na:1.7.0_80]
	at org.springframework.web.method.support.InvocableHandlerMethod.doInvoke(InvocableHandlerMethod.java:221) [spring-web-4.1.6.RELEASE.jar:4.1.6.RELEASE]
	at org.springframework.web.method.support.InvocableHandlerMethod.invokeForRequest(InvocableHandlerMethod.java:137) [spring-web-4.1.6.RELEASE.jar:4.1.6.RELEASE]
	at org.springframework.web.servlet.mvc.method.annotation.ServletInvocableHandlerMethod.invokeAndHandle(ServletInvocableHandlerMethod.java:110) [spring-webmvc-4.1.6.RELEASE.jar:4.1.6.RELEASE]
	at org.springframework.web.servlet.mvc.method.annotation.RequestMappingHandlerAdapter.invokeHandleMethod(RequestMappingHandlerAdapter.java:776) [spring-webmvc-4.1.6.RELEASE.jar:4.1.6.RELEASE]
	at org.springframework.web.servlet.mvc.method.annotation.RequestMappingHandlerAdapter.handleInternal(RequestMappingHandlerAdapter.java:705) [spring-webmvc-4.1.6.RELEASE.jar:4.1.6.RELEASE]
	at org.springframework.web.servlet.mvc.method.AbstractHandlerMethodAdapter.handle(AbstractHandlerMethodAdapter.java:85) [spring-webmvc-4.1.6.RELEASE.jar:4.1.6.RELEASE]
	at org.springframework.web.servlet.DispatcherServlet.doDispatch(DispatcherServlet.java:959) [spring-webmvc-4.1.6.RELEASE.jar:4.1.6.RELEASE]
	at org.springframework.web.servlet.DispatcherServlet.doService(DispatcherServlet.java:893) [spring-webmvc-4.1.6.RELEASE.jar:4.1.6.RELEASE]
	at org.springframework.web.servlet.FrameworkServlet.processRequest(FrameworkServlet.java:966) [spring-webmvc-4.1.6.RELEASE.jar:4.1.6.RELEASE]
	at org.springframework.web.servlet.FrameworkServlet.doPost(FrameworkServlet.java:868) [spring-webmvc-4.1.6.RELEASE.jar:4.1.6.RELEASE]
	at javax.servlet.http.HttpServlet.service(HttpServlet.java:650) [servlet-api.jar:na]
	at org.springframework.web.servlet.FrameworkServlet.service(FrameworkServlet.java:842) [spring-webmvc-4.1.6.RELEASE.jar:4.1.6.RELEASE]
	at javax.servlet.http.HttpServlet.service(HttpServlet.java:731) [servlet-api.jar:na]
	at org.apache.catalina.core.ApplicationFilterChain.internalDoFilter(ApplicationFilterChain.java:303) [catalina.jar:7.0.68]
	at org.apache.catalina.core.ApplicationFilterChain.doFilter(ApplicationFilterChain.java:208) [catalina.jar:7.0.68]
	at org.apache.tomcat.websocket.server.WsFilter.doFilter(WsFilter.java:52) [tomcat7-websocket.jar:7.0.68]
	at org.apache.catalina.core.ApplicationFilterChain.internalDoFilter(ApplicationFilterChain.java:241) [catalina.jar:7.0.68]
	at org.apache.catalina.core.ApplicationFilterChain.doFilter(ApplicationFilterChain.java:208) [catalina.jar:7.0.68]
	at org.sitemesh.webapp.contentfilter.ContentBufferingFilter.bufferAndPostProcess(ContentBufferingFilter.java:169) [sitemesh-3.0.0.jar:na]
	at org.sitemesh.webapp.contentfilter.ContentBufferingFilter.doFilter(ContentBufferingFilter.java:126) [sitemesh-3.0.0.jar:na]
	at org.sitemesh.webapp.SiteMeshFilter.doFilter(SiteMeshFilter.java:120) [sitemesh-3.0.0.jar:na]
	at org.sitemesh.config.ConfigurableSiteMeshFilter.doFilter(ConfigurableSiteMeshFilter.java:163) [sitemesh-3.0.0.jar:na]
	at org.apache.catalina.core.ApplicationFilterChain.internalDoFilter(ApplicationFilterChain.java:241) [catalina.jar:7.0.68]
	at org.apache.catalina.core.ApplicationFilterChain.doFilter(ApplicationFilterChain.java:208) [catalina.jar:7.0.68]
	at org.springframework.web.filter.CharacterEncodingFilter.doFilterInternal(CharacterEncodingFilter.java:85) [spring-web-4.1.6.RELEASE.jar:4.1.6.RELEASE]
	at org.springframework.web.filter.OncePerRequestFilter.doFilter(OncePerRequestFilter.java:107) [spring-web-4.1.6.RELEASE.jar:4.1.6.RELEASE]
	at org.apache.catalina.core.ApplicationFilterChain.internalDoFilter(ApplicationFilterChain.java:241) [catalina.jar:7.0.68]
	at org.apache.catalina.core.ApplicationFilterChain.doFilter(ApplicationFilterChain.java:208) [catalina.jar:7.0.68]
	at com.chance.cynthia.core.common.filter.PathFilter.doFilter(PathFilter.java:46) [cynthia-core-0.0.1-SNAPSHOT.jar:na]
	at org.apache.catalina.core.ApplicationFilterChain.internalDoFilter(ApplicationFilterChain.java:241) [catalina.jar:7.0.68]
	at org.apache.catalina.core.ApplicationFilterChain.doFilter(ApplicationFilterChain.java:208) [catalina.jar:7.0.68]
	at org.apache.catalina.core.StandardWrapperValve.invoke(StandardWrapperValve.java:220) [catalina.jar:7.0.68]
	at org.apache.catalina.core.StandardContextValve.invoke(StandardContextValve.java:122) [catalina.jar:7.0.68]
	at org.apache.catalina.authenticator.AuthenticatorBase.invoke(AuthenticatorBase.java:505) [catalina.jar:7.0.68]
	at org.apache.catalina.core.StandardHostValve.invoke(StandardHostValve.java:169) [catalina.jar:7.0.68]
	at org.apache.catalina.valves.ErrorReportValve.invoke(ErrorReportValve.java:103) [catalina.jar:7.0.68]
	at org.apache.catalina.valves.AccessLogValve.invoke(AccessLogValve.java:956) [catalina.jar:7.0.68]
	at org.apache.catalina.core.StandardEngineValve.invoke(StandardEngineValve.java:116) [catalina.jar:7.0.68]
	at org.apache.catalina.connector.CoyoteAdapter.service(CoyoteAdapter.java:436) [catalina.jar:7.0.68]
	at org.apache.coyote.http11.AbstractHttp11Processor.process(AbstractHttp11Processor.java:1078) [tomcat-coyote.jar:7.0.68]
	at org.apache.coyote.AbstractProtocol$AbstractConnectionHandler.process(AbstractProtocol.java:625) [tomcat-coyote.jar:7.0.68]
	at org.apache.tomcat.util.net.JIoEndpoint$SocketProcessor.run(JIoEndpoint.java:318) [tomcat-coyote.jar:7.0.68]
	at java.util.concurrent.ThreadPoolExecutor.runWorker(ThreadPoolExecutor.java:1145) [na:1.7.0_80]
	at java.util.concurrent.ThreadPoolExecutor$Worker.run(ThreadPoolExecutor.java:615) [na:1.7.0_80]
	at org.apache.tomcat.util.threads.TaskThread$WrappingRunnable.run(TaskThread.java:61) [tomcat-coyote.jar:7.0.68]
	at java.lang.Thread.run(Thread.java:745) [na:1.7.0_80]
Caused by: java.net.ConnectException: Connection refused: connect
	at java.net.DualStackPlainSocketImpl.connect0(Native Method) ~[na:1.7.0_80]
	at java.net.DualStackPlainSocketImpl.socketConnect(DualStackPlainSocketImpl.java:79) ~[na:1.7.0_80]
	at java.net.AbstractPlainSocketImpl.doConnect(AbstractPlainSocketImpl.java:339) ~[na:1.7.0_80]
	at java.net.AbstractPlainSocketImpl.connectToAddress(AbstractPlainSocketImpl.java:200) ~[na:1.7.0_80]
	at java.net.AbstractPlainSocketImpl.connect(AbstractPlainSocketImpl.java:182) ~[na:1.7.0_80]
	at java.net.PlainSocketImpl.connect(PlainSocketImpl.java:172) ~[na:1.7.0_80]
	at java.net.SocksSocketImpl.connect(SocksSocketImpl.java:392) ~[na:1.7.0_80]
	at java.net.Socket.connect(Socket.java:579) ~[na:1.7.0_80]
	at com.mysql.jdbc.StandardSocketFactory.connect(StandardSocketFactory.java:211) ~[mysql-connector-java-5.1.38.jar:5.1.38]
	at com.mysql.jdbc.MysqlIO.<init>(MysqlIO.java:298) ~[mysql-connector-java-5.1.38.jar:5.1.38]
	... 80 common frames omitted
[ERROR] 2016-03-17 11:59:11,563 --http-bio-8080-exec-5-- [com.alibaba.druid.pool.DruidDataSource] dataSource init error 
com.mysql.jdbc.exceptions.jdbc4.CommunicationsException: Communications link failure

The last packet sent successfully to the server was 0 milliseconds ago. The driver has not received any packets from the server.
	at sun.reflect.NativeConstructorAccessorImpl.newInstance0(Native Method) ~[na:1.7.0_80]
	at sun.reflect.NativeConstructorAccessorImpl.newInstance(NativeConstructorAccessorImpl.java:57) ~[na:1.7.0_80]
	at sun.reflect.DelegatingConstructorAccessorImpl.newInstance(DelegatingConstructorAccessorImpl.java:45) ~[na:1.7.0_80]
	at java.lang.reflect.Constructor.newInstance(Constructor.java:526) ~[na:1.7.0_80]
	at com.mysql.jdbc.Util.handleNewInstance(Util.java:404) ~[mysql-connector-java-5.1.38.jar:5.1.38]
	at com.mysql.jdbc.SQLError.createCommunicationsException(SQLError.java:981) ~[mysql-connector-java-5.1.38.jar:5.1.38]
	at com.mysql.jdbc.MysqlIO.<init>(MysqlIO.java:339) ~[mysql-connector-java-5.1.38.jar:5.1.38]
	at com.mysql.jdbc.ConnectionImpl.coreConnect(ConnectionImpl.java:2253) ~[mysql-connector-java-5.1.38.jar:5.1.38]
	at com.mysql.jdbc.ConnectionImpl.connectOneTryOnly(ConnectionImpl.java:2286) ~[mysql-connector-java-5.1.38.jar:5.1.38]
	at com.mysql.jdbc.ConnectionImpl.createNewIO(ConnectionImpl.java:2085) ~[mysql-connector-java-5.1.38.jar:5.1.38]
	at com.mysql.jdbc.ConnectionImpl.<init>(ConnectionImpl.java:795) ~[mysql-connector-java-5.1.38.jar:5.1.38]
	at com.mysql.jdbc.JDBC4Connection.<init>(JDBC4Connection.java:44) ~[mysql-connector-java-5.1.38.jar:5.1.38]
	at sun.reflect.NativeConstructorAccessorImpl.newInstance0(Native Method) ~[na:1.7.0_80]
	at sun.reflect.NativeConstructorAccessorImpl.newInstance(NativeConstructorAccessorImpl.java:57) ~[na:1.7.0_80]
	at sun.reflect.DelegatingConstructorAccessorImpl.newInstance(DelegatingConstructorAccessorImpl.java:45) ~[na:1.7.0_80]
	at java.lang.reflect.Constructor.newInstance(Constructor.java:526) ~[na:1.7.0_80]
	at com.mysql.jdbc.Util.handleNewInstance(Util.java:404) ~[mysql-connector-java-5.1.38.jar:5.1.38]
	at com.mysql.jdbc.ConnectionImpl.getInstance(ConnectionImpl.java:400) ~[mysql-connector-java-5.1.38.jar:5.1.38]
	at com.mysql.jdbc.NonRegisteringDriver.connect(NonRegisteringDriver.java:327) ~[mysql-connector-java-5.1.38.jar:5.1.38]
	at com.alibaba.druid.filter.FilterChainImpl.connection_connect(FilterChainImpl.java:148) ~[druid-1.0.13.jar:1.0.13]
	at com.alibaba.druid.filter.stat.StatFilter.connection_connect(StatFilter.java:211) ~[druid-1.0.13.jar:1.0.13]
	at com.alibaba.druid.filter.FilterChainImpl.connection_connect(FilterChainImpl.java:142) ~[druid-1.0.13.jar:1.0.13]
	at com.alibaba.druid.pool.DruidAbstractDataSource.createPhysicalConnection(DruidAbstractDataSource.java:1377) ~[druid-1.0.13.jar:1.0.13]
	at com.alibaba.druid.pool.DruidAbstractDataSource.createPhysicalConnection(DruidAbstractDataSource.java:1431) ~[druid-1.0.13.jar:1.0.13]
	at com.alibaba.druid.pool.DruidDataSource.init(DruidDataSource.java:632) [druid-1.0.13.jar:1.0.13]
	at com.alibaba.druid.pool.DruidDataSource.getConnection(DruidDataSource.java:934) [druid-1.0.13.jar:1.0.13]
	at com.alibaba.druid.pool.DruidDataSource.getConnection(DruidDataSource.java:930) [druid-1.0.13.jar:1.0.13]
	at com.alibaba.druid.pool.DruidDataSource.getConnection(DruidDataSource.java:102) [druid-1.0.13.jar:1.0.13]
	at org.springframework.jdbc.datasource.DataSourceTransactionManager.doBegin(DataSourceTransactionManager.java:204) [spring-jdbc-4.1.6.RELEASE.jar:4.1.6.RELEASE]
	at org.springframework.transaction.support.AbstractPlatformTransactionManager.getTransaction(AbstractPlatformTransactionManager.java:373) [spring-tx-4.1.6.RELEASE.jar:4.1.6.RELEASE]
	at org.springframework.transaction.interceptor.TransactionAspectSupport.createTransactionIfNecessary(TransactionAspectSupport.java:463) [spring-tx-4.1.6.RELEASE.jar:4.1.6.RELEASE]
	at org.springframework.transaction.interceptor.TransactionAspectSupport.invokeWithinTransaction(TransactionAspectSupport.java:276) [spring-tx-4.1.6.RELEASE.jar:4.1.6.RELEASE]
	at org.springframework.transaction.interceptor.TransactionInterceptor.invoke(TransactionInterceptor.java:96) [spring-tx-4.1.6.RELEASE.jar:4.1.6.RELEASE]
	at org.springframework.aop.framework.ReflectiveMethodInvocation.proceed(ReflectiveMethodInvocation.java:179) [spring-aop-4.1.6.RELEASE.jar:4.1.6.RELEASE]
	at org.springframework.aop.framework.CglibAopProxy$DynamicAdvisedInterceptor.intercept(CglibAopProxy.java:653) [spring-aop-4.1.6.RELEASE.jar:4.1.6.RELEASE]
	at com.chance.cynthia.core.service.commondity.CommodityColumnService$$EnhancerBySpringCGLIB$$7de32c2d.selectListAll(<generated>) [spring-core-4.1.6.RELEASE.jar:na]
	at com.chance.cynthia.controller.commodity.CommodityMgrController.queryCommodityList(CommodityMgrController.java:48) [classes/:na]
	at sun.reflect.NativeMethodAccessorImpl.invoke0(Native Method) ~[na:1.7.0_80]
	at sun.reflect.NativeMethodAccessorImpl.invoke(NativeMethodAccessorImpl.java:57) ~[na:1.7.0_80]
	at sun.reflect.DelegatingMethodAccessorImpl.invoke(DelegatingMethodAccessorImpl.java:43) ~[na:1.7.0_80]
	at java.lang.reflect.Method.invoke(Method.java:606) ~[na:1.7.0_80]
	at org.springframework.web.method.support.InvocableHandlerMethod.doInvoke(InvocableHandlerMethod.java:221) [spring-web-4.1.6.RELEASE.jar:4.1.6.RELEASE]
	at org.springframework.web.method.support.InvocableHandlerMethod.invokeForRequest(InvocableHandlerMethod.java:137) [spring-web-4.1.6.RELEASE.jar:4.1.6.RELEASE]
	at org.springframework.web.servlet.mvc.method.annotation.ServletInvocableHandlerMethod.invokeAndHandle(ServletInvocableHandlerMethod.java:110) [spring-webmvc-4.1.6.RELEASE.jar:4.1.6.RELEASE]
	at org.springframework.web.servlet.mvc.method.annotation.RequestMappingHandlerAdapter.invokeHandleMethod(RequestMappingHandlerAdapter.java:776) [spring-webmvc-4.1.6.RELEASE.jar:4.1.6.RELEASE]
	at org.springframework.web.servlet.mvc.method.annotation.RequestMappingHandlerAdapter.handleInternal(RequestMappingHandlerAdapter.java:705) [spring-webmvc-4.1.6.RELEASE.jar:4.1.6.RELEASE]
	at org.springframework.web.servlet.mvc.method.AbstractHandlerMethodAdapter.handle(AbstractHandlerMethodAdapter.java:85) [spring-webmvc-4.1.6.RELEASE.jar:4.1.6.RELEASE]
	at org.springframework.web.servlet.DispatcherServlet.doDispatch(DispatcherServlet.java:959) [spring-webmvc-4.1.6.RELEASE.jar:4.1.6.RELEASE]
	at org.springframework.web.servlet.DispatcherServlet.doService(DispatcherServlet.java:893) [spring-webmvc-4.1.6.RELEASE.jar:4.1.6.RELEASE]
	at org.springframework.web.servlet.FrameworkServlet.processRequest(FrameworkServlet.java:966) [spring-webmvc-4.1.6.RELEASE.jar:4.1.6.RELEASE]
	at org.springframework.web.servlet.FrameworkServlet.doPost(FrameworkServlet.java:868) [spring-webmvc-4.1.6.RELEASE.jar:4.1.6.RELEASE]
	at javax.servlet.http.HttpServlet.service(HttpServlet.java:650) [servlet-api.jar:na]
	at org.springframework.web.servlet.FrameworkServlet.service(FrameworkServlet.java:842) [spring-webmvc-4.1.6.RELEASE.jar:4.1.6.RELEASE]
	at javax.servlet.http.HttpServlet.service(HttpServlet.java:731) [servlet-api.jar:na]
	at org.apache.catalina.core.ApplicationFilterChain.internalDoFilter(ApplicationFilterChain.java:303) [catalina.jar:7.0.68]
	at org.apache.catalina.core.ApplicationFilterChain.doFilter(ApplicationFilterChain.java:208) [catalina.jar:7.0.68]
	at org.apache.tomcat.websocket.server.WsFilter.doFilter(WsFilter.java:52) [tomcat7-websocket.jar:7.0.68]
	at org.apache.catalina.core.ApplicationFilterChain.internalDoFilter(ApplicationFilterChain.java:241) [catalina.jar:7.0.68]
	at org.apache.catalina.core.ApplicationFilterChain.doFilter(ApplicationFilterChain.java:208) [catalina.jar:7.0.68]
	at org.sitemesh.webapp.contentfilter.ContentBufferingFilter.bufferAndPostProcess(ContentBufferingFilter.java:169) [sitemesh-3.0.0.jar:na]
	at org.sitemesh.webapp.contentfilter.ContentBufferingFilter.doFilter(ContentBufferingFilter.java:126) [sitemesh-3.0.0.jar:na]
	at org.sitemesh.webapp.SiteMeshFilter.doFilter(SiteMeshFilter.java:120) [sitemesh-3.0.0.jar:na]
	at org.sitemesh.config.ConfigurableSiteMeshFilter.doFilter(ConfigurableSiteMeshFilter.java:163) [sitemesh-3.0.0.jar:na]
	at org.apache.catalina.core.ApplicationFilterChain.internalDoFilter(ApplicationFilterChain.java:241) [catalina.jar:7.0.68]
	at org.apache.catalina.core.ApplicationFilterChain.doFilter(ApplicationFilterChain.java:208) [catalina.jar:7.0.68]
	at org.springframework.web.filter.CharacterEncodingFilter.doFilterInternal(CharacterEncodingFilter.java:85) [spring-web-4.1.6.RELEASE.jar:4.1.6.RELEASE]
	at org.springframework.web.filter.OncePerRequestFilter.doFilter(OncePerRequestFilter.java:107) [spring-web-4.1.6.RELEASE.jar:4.1.6.RELEASE]
	at org.apache.catalina.core.ApplicationFilterChain.internalDoFilter(ApplicationFilterChain.java:241) [catalina.jar:7.0.68]
	at org.apache.catalina.core.ApplicationFilterChain.doFilter(ApplicationFilterChain.java:208) [catalina.jar:7.0.68]
	at com.chance.cynthia.core.common.filter.PathFilter.doFilter(PathFilter.java:46) [cynthia-core-0.0.1-SNAPSHOT.jar:na]
	at org.apache.catalina.core.ApplicationFilterChain.internalDoFilter(ApplicationFilterChain.java:241) [catalina.jar:7.0.68]
	at org.apache.catalina.core.ApplicationFilterChain.doFilter(ApplicationFilterChain.java:208) [catalina.jar:7.0.68]
	at org.apache.catalina.core.StandardWrapperValve.invoke(StandardWrapperValve.java:220) [catalina.jar:7.0.68]
	at org.apache.catalina.core.StandardContextValve.invoke(StandardContextValve.java:122) [catalina.jar:7.0.68]
	at org.apache.catalina.authenticator.AuthenticatorBase.invoke(AuthenticatorBase.java:505) [catalina.jar:7.0.68]
	at org.apache.catalina.core.StandardHostValve.invoke(StandardHostValve.java:169) [catalina.jar:7.0.68]
	at org.apache.catalina.valves.ErrorReportValve.invoke(ErrorReportValve.java:103) [catalina.jar:7.0.68]
	at org.apache.catalina.valves.AccessLogValve.invoke(AccessLogValve.java:956) [catalina.jar:7.0.68]
	at org.apache.catalina.core.StandardEngineValve.invoke(StandardEngineValve.java:116) [catalina.jar:7.0.68]
	at org.apache.catalina.connector.CoyoteAdapter.service(CoyoteAdapter.java:436) [catalina.jar:7.0.68]
	at org.apache.coyote.http11.AbstractHttp11Processor.process(AbstractHttp11Processor.java:1078) [tomcat-coyote.jar:7.0.68]
	at org.apache.coyote.AbstractProtocol$AbstractConnectionHandler.process(AbstractProtocol.java:625) [tomcat-coyote.jar:7.0.68]
	at org.apache.tomcat.util.net.JIoEndpoint$SocketProcessor.run(JIoEndpoint.java:318) [tomcat-coyote.jar:7.0.68]
	at java.util.concurrent.ThreadPoolExecutor.runWorker(ThreadPoolExecutor.java:1145) [na:1.7.0_80]
	at java.util.concurrent.ThreadPoolExecutor$Worker.run(ThreadPoolExecutor.java:615) [na:1.7.0_80]
	at org.apache.tomcat.util.threads.TaskThread$WrappingRunnable.run(TaskThread.java:61) [tomcat-coyote.jar:7.0.68]
	at java.lang.Thread.run(Thread.java:745) [na:1.7.0_80]
Caused by: java.net.ConnectException: Connection refused: connect
	at java.net.DualStackPlainSocketImpl.connect0(Native Method) ~[na:1.7.0_80]
	at java.net.DualStackPlainSocketImpl.socketConnect(DualStackPlainSocketImpl.java:79) ~[na:1.7.0_80]
	at java.net.AbstractPlainSocketImpl.doConnect(AbstractPlainSocketImpl.java:339) ~[na:1.7.0_80]
	at java.net.AbstractPlainSocketImpl.connectToAddress(AbstractPlainSocketImpl.java:200) ~[na:1.7.0_80]
	at java.net.AbstractPlainSocketImpl.connect(AbstractPlainSocketImpl.java:182) ~[na:1.7.0_80]
	at java.net.PlainSocketImpl.connect(PlainSocketImpl.java:172) ~[na:1.7.0_80]
	at java.net.SocksSocketImpl.connect(SocksSocketImpl.java:392) ~[na:1.7.0_80]
	at java.net.Socket.connect(Socket.java:579) ~[na:1.7.0_80]
	at com.mysql.jdbc.StandardSocketFactory.connect(StandardSocketFactory.java:211) ~[mysql-connector-java-5.1.38.jar:5.1.38]
	at com.mysql.jdbc.MysqlIO.<init>(MysqlIO.java:298) ~[mysql-connector-java-5.1.38.jar:5.1.38]
	... 80 common frames omitted
[INFO ] 2016-03-17 11:59:11,564 --http-bio-8080-exec-5-- [com.alibaba.druid.pool.DruidDataSource] {dataSource-1} inited 
[INFO ] 2016-03-17 12:27:31,516 --localhost-startStop-1-- [org.hibernate.validator.internal.util.Version] HV000001: Hibernate Validator 5.2.2.Final 
[INFO ] 2016-03-17 12:27:40,460 --http-bio-8080-exec-3-- [com.alibaba.druid.pool.DruidDataSource] {dataSource-1} inited 
[INFO ] 2016-03-17 12:29:55,968 --localhost-startStop-1-- [org.hibernate.validator.internal.util.Version] HV000001: Hibernate Validator 5.2.2.Final 
[INFO ] 2016-03-17 12:31:27,578 --http-bio-8080-exec-1-- [com.alibaba.druid.pool.DruidDataSource] {dataSource-1} inited 
[INFO ] 2016-03-17 12:36:40,155 --localhost-startStop-1-- [org.hibernate.validator.internal.util.Version] HV000001: Hibernate Validator 5.2.2.Final 
[INFO ] 2016-03-17 12:36:48,214 --http-bio-8080-exec-1-- [com.alibaba.druid.pool.DruidDataSource] {dataSource-1} inited 
[INFO ] 2016-03-17 12:39:32,331 --localhost-startStop-1-- [org.hibernate.validator.internal.util.Version] HV000001: Hibernate Validator 5.2.2.Final 
[INFO ] 2016-03-17 12:39:38,314 --http-bio-8080-exec-4-- [com.alibaba.druid.pool.DruidDataSource] {dataSource-1} inited 
[INFO ] 2016-03-17 12:41:17,418 --ContainerBackgroundProcessor[StandardEngine[Catalina]]-- [org.hibernate.validator.internal.util.Version] HV000001: Hibernate Validator 5.2.2.Final 
[INFO ] 2016-03-17 12:41:26,223 --localhost-startStop-1-- [org.hibernate.validator.internal.util.Version] HV000001: Hibernate Validator 5.2.2.Final 
[INFO ] 2016-03-17 12:41:32,698 --http-bio-8080-exec-1-- [com.alibaba.druid.pool.DruidDataSource] {dataSource-1} inited 
[INFO ] 2016-03-17 12:42:51,493 --ContainerBackgroundProcessor[StandardEngine[Catalina]]-- [org.hibernate.validator.internal.util.Version] HV000001: Hibernate Validator 5.2.2.Final 
[INFO ] 2016-03-17 12:44:00,716 --localhost-startStop-1-- [org.hibernate.validator.internal.util.Version] HV000001: Hibernate Validator 5.2.2.Final 
[INFO ] 2016-03-17 12:44:09,463 --http-bio-8080-exec-11-- [com.alibaba.druid.pool.DruidDataSource] {dataSource-1} inited 
[INFO ] 2016-03-17 12:45:38,122 --localhost-startStop-1-- [org.hibernate.validator.internal.util.Version] HV000001: Hibernate Validator 5.2.2.Final 
[INFO ] 2016-03-17 12:45:45,211 --http-bio-8080-exec-11-- [com.alibaba.druid.pool.DruidDataSource] {dataSource-1} inited 
[INFO ] 2016-03-17 12:49:11,315 --localhost-startStop-1-- [org.hibernate.validator.internal.util.Version] HV000001: Hibernate Validator 5.2.2.Final 
[INFO ] 2016-03-17 12:49:19,291 --http-bio-8080-exec-13-- [com.alibaba.druid.pool.DruidDataSource] {dataSource-1} inited 
[INFO ] 2016-03-17 13:18:28,662 --localhost-startStop-1-- [org.hibernate.validator.internal.util.Version] HV000001: Hibernate Validator 5.2.2.Final 
[INFO ] 2016-03-17 13:18:35,175 --http-bio-8080-exec-4-- [com.alibaba.druid.pool.DruidDataSource] {dataSource-1} inited 
[INFO ] 2016-03-17 13:20:08,581 --localhost-startStop-1-- [org.hibernate.validator.internal.util.Version] HV000001: Hibernate Validator 5.2.2.Final 
[INFO ] 2016-03-17 13:20:14,019 --http-bio-8080-exec-4-- [com.alibaba.druid.pool.DruidDataSource] {dataSource-1} inited 
[INFO ] 2016-03-17 13:20:43,797 --ContainerBackgroundProcessor[StandardEngine[Catalina]]-- [org.hibernate.validator.internal.util.Version] HV000001: Hibernate Validator 5.2.2.Final 
[INFO ] 2016-03-17 13:20:52,057 --localhost-startStop-1-- [org.hibernate.validator.internal.util.Version] HV000001: Hibernate Validator 5.2.2.Final 
[INFO ] 2016-03-17 13:20:56,840 --http-bio-8080-exec-4-- [com.alibaba.druid.pool.DruidDataSource] {dataSource-1} inited 
[INFO ] 2016-03-17 13:57:57,175 --localhost-startStop-1-- [org.hibernate.validator.internal.util.Version] HV000001: Hibernate Validator 5.2.2.Final 
[INFO ] 2016-03-17 13:58:30,350 --http-bio-8080-exec-4-- [com.alibaba.druid.pool.DruidDataSource] {dataSource-1} inited 
[INFO ] 2016-03-17 14:02:52,328 --localhost-startStop-1-- [org.hibernate.validator.internal.util.Version] HV000001: Hibernate Validator 5.2.2.Final 
[INFO ] 2016-03-17 14:03:01,805 --http-bio-8080-exec-10-- [com.alibaba.druid.pool.DruidDataSource] {dataSource-1} inited 
[INFO ] 2016-03-17 14:03:28,714 --localhost-startStop-1-- [org.hibernate.validator.internal.util.Version] HV000001: Hibernate Validator 5.2.2.Final 
[INFO ] 2016-03-17 14:03:49,082 --http-bio-8080-exec-4-- [com.alibaba.druid.pool.DruidDataSource] {dataSource-1} inited 
[INFO ] 2016-03-17 14:05:17,793 --localhost-startStop-1-- [org.hibernate.validator.internal.util.Version] HV000001: Hibernate Validator 5.2.2.Final 
[INFO ] 2016-03-17 14:06:02,325 --http-bio-8080-exec-10-- [com.alibaba.druid.pool.DruidDataSource] {dataSource-1} inited 
[INFO ] 2016-03-17 14:12:36,231 --localhost-startStop-1-- [org.hibernate.validator.internal.util.Version] HV000001: Hibernate Validator 5.2.2.Final 
[INFO ] 2016-03-17 14:12:50,476 --http-bio-8080-exec-7-- [com.alibaba.druid.pool.DruidDataSource] {dataSource-1} inited 
[INFO ] 2016-03-17 15:27:38,610 --ContainerBackgroundProcessor[StandardEngine[Catalina]]-- [org.hibernate.validator.internal.util.Version] HV000001: Hibernate Validator 5.2.2.Final 
[INFO ] 2016-03-17 15:36:16,959 --localhost-startStop-1-- [org.hibernate.validator.internal.util.Version] HV000001: Hibernate Validator 5.2.2.Final 
[INFO ] 2016-03-17 15:36:26,574 --http-bio-8080-exec-8-- [com.alibaba.druid.pool.DruidDataSource] {dataSource-1} inited 
[INFO ] 2016-03-17 15:39:04,844 --localhost-startStop-1-- [org.hibernate.validator.internal.util.Version] HV000001: Hibernate Validator 5.2.2.Final 
[INFO ] 2016-03-17 15:39:31,046 --http-bio-8080-exec-5-- [com.alibaba.druid.pool.DruidDataSource] {dataSource-1} inited 
[INFO ] 2016-03-17 15:41:20,141 --ContainerBackgroundProcessor[StandardEngine[Catalina]]-- [org.hibernate.validator.internal.util.Version] HV000001: Hibernate Validator 5.2.2.Final 
[INFO ] 2016-03-17 15:46:09,678 --localhost-startStop-1-- [org.hibernate.validator.internal.util.Version] HV000001: Hibernate Validator 5.2.2.Final 
[INFO ] 2016-03-17 15:46:13,914 --http-bio-8080-exec-4-- [com.alibaba.druid.pool.DruidDataSource] {dataSource-1} inited 
[INFO ] 2016-03-17 15:47:53,273 --localhost-startStop-1-- [org.hibernate.validator.internal.util.Version] HV000001: Hibernate Validator 5.2.2.Final 
[INFO ] 2016-03-17 15:50:46,154 --http-bio-8080-exec-10-- [com.alibaba.druid.pool.DruidDataSource] {dataSource-1} inited 
[INFO ] 2016-03-17 15:52:36,151 --localhost-startStop-1-- [org.hibernate.validator.internal.util.Version] HV000001: Hibernate Validator 5.2.2.Final 
[INFO ] 2016-03-17 15:53:12,718 --http-bio-8080-exec-8-- [com.alibaba.druid.pool.DruidDataSource] {dataSource-1} inited 
[INFO ] 2016-03-17 15:59:05,412 --localhost-startStop-1-- [org.hibernate.validator.internal.util.Version] HV000001: Hibernate Validator 5.2.2.Final 
[INFO ] 2016-03-17 15:59:15,778 --http-bio-8080-exec-5-- [com.alibaba.druid.pool.DruidDataSource] {dataSource-1} inited 
[INFO ] 2016-03-17 17:04:28,069 --localhost-startStop-1-- [org.hibernate.validator.internal.util.Version] HV000001: Hibernate Validator 5.2.2.Final 
[INFO ] 2016-03-17 17:04:48,251 --http-bio-8080-exec-9-- [com.alibaba.druid.pool.DruidDataSource] {dataSource-1} inited 
[ERROR] 2016-03-17 17:06:06,560 --http-bio-8080-exec-5-- [com.chance.cynthia.core.common.base.SpringDateEditor] Could not parse date: Unparseable date: "1458057600000" 
java.text.ParseException: Unparseable date: "1458057600000"
	at java.text.DateFormat.parse(DateFormat.java:357) ~[na:1.7.0_80]
	at com.chance.cynthia.core.common.base.SpringDateEditor.setAsText(SpringDateEditor.java:57) ~[cynthia-core-0.0.1-SNAPSHOT.jar:na]
	at org.springframework.beans.TypeConverterDelegate.doConvertTextValue(TypeConverterDelegate.java:450) [spring-beans-4.1.6.RELEASE.jar:4.1.6.RELEASE]
	at org.springframework.beans.TypeConverterDelegate.doConvertValue(TypeConverterDelegate.java:423) [spring-beans-4.1.6.RELEASE.jar:4.1.6.RELEASE]
	at org.springframework.beans.TypeConverterDelegate.convertIfNecessary(TypeConverterDelegate.java:195) [spring-beans-4.1.6.RELEASE.jar:4.1.6.RELEASE]
	at org.springframework.beans.BeanWrapperImpl.convertIfNecessary(BeanWrapperImpl.java:461) [spring-beans-4.1.6.RELEASE.jar:4.1.6.RELEASE]
	at org.springframework.beans.BeanWrapperImpl.convertForProperty(BeanWrapperImpl.java:512) [spring-beans-4.1.6.RELEASE.jar:4.1.6.RELEASE]
	at org.springframework.beans.BeanWrapperImpl.setPropertyValue(BeanWrapperImpl.java:1131) [spring-beans-4.1.6.RELEASE.jar:4.1.6.RELEASE]
	at org.springframework.beans.BeanWrapperImpl.setPropertyValue(BeanWrapperImpl.java:927) [spring-beans-4.1.6.RELEASE.jar:4.1.6.RELEASE]
	at org.springframework.beans.AbstractPropertyAccessor.setPropertyValues(AbstractPropertyAccessor.java:95) [spring-beans-4.1.6.RELEASE.jar:4.1.6.RELEASE]
	at org.springframework.validation.DataBinder.applyPropertyValues(DataBinder.java:749) [spring-context-4.1.6.RELEASE.jar:4.1.6.RELEASE]
	at org.springframework.validation.DataBinder.doBind(DataBinder.java:645) [spring-context-4.1.6.RELEASE.jar:4.1.6.RELEASE]
	at org.springframework.web.bind.WebDataBinder.doBind(WebDataBinder.java:189) [spring-web-4.1.6.RELEASE.jar:4.1.6.RELEASE]
	at org.springframework.web.bind.ServletRequestDataBinder.bind(ServletRequestDataBinder.java:106) [spring-web-4.1.6.RELEASE.jar:4.1.6.RELEASE]
	at org.springframework.web.servlet.mvc.method.annotation.ServletModelAttributeMethodProcessor.bindRequestParameters(ServletModelAttributeMethodProcessor.java:150) [spring-webmvc-4.1.6.RELEASE.jar:4.1.6.RELEASE]
	at org.springframework.web.method.annotation.ModelAttributeMethodProcessor.resolveArgument(ModelAttributeMethodProcessor.java:110) [spring-web-4.1.6.RELEASE.jar:4.1.6.RELEASE]
	at org.springframework.web.method.support.HandlerMethodArgumentResolverComposite.resolveArgument(HandlerMethodArgumentResolverComposite.java:77) [spring-web-4.1.6.RELEASE.jar:4.1.6.RELEASE]
	at org.springframework.web.method.support.InvocableHandlerMethod.getMethodArgumentValues(InvocableHandlerMethod.java:162) [spring-web-4.1.6.RELEASE.jar:4.1.6.RELEASE]
	at org.springframework.web.method.support.InvocableHandlerMethod.invokeForRequest(InvocableHandlerMethod.java:129) [spring-web-4.1.6.RELEASE.jar:4.1.6.RELEASE]
	at org.springframework.web.servlet.mvc.method.annotation.ServletInvocableHandlerMethod.invokeAndHandle(ServletInvocableHandlerMethod.java:110) [spring-webmvc-4.1.6.RELEASE.jar:4.1.6.RELEASE]
	at org.springframework.web.servlet.mvc.method.annotation.RequestMappingHandlerAdapter.invokeHandleMethod(RequestMappingHandlerAdapter.java:776) [spring-webmvc-4.1.6.RELEASE.jar:4.1.6.RELEASE]
	at org.springframework.web.servlet.mvc.method.annotation.RequestMappingHandlerAdapter.handleInternal(RequestMappingHandlerAdapter.java:705) [spring-webmvc-4.1.6.RELEASE.jar:4.1.6.RELEASE]
	at org.springframework.web.servlet.mvc.method.AbstractHandlerMethodAdapter.handle(AbstractHandlerMethodAdapter.java:85) [spring-webmvc-4.1.6.RELEASE.jar:4.1.6.RELEASE]
	at org.springframework.web.servlet.DispatcherServlet.doDispatch(DispatcherServlet.java:959) [spring-webmvc-4.1.6.RELEASE.jar:4.1.6.RELEASE]
	at org.springframework.web.servlet.DispatcherServlet.doService(DispatcherServlet.java:893) [spring-webmvc-4.1.6.RELEASE.jar:4.1.6.RELEASE]
	at org.springframework.web.servlet.FrameworkServlet.processRequest(FrameworkServlet.java:966) [spring-webmvc-4.1.6.RELEASE.jar:4.1.6.RELEASE]
	at org.springframework.web.servlet.FrameworkServlet.doGet(FrameworkServlet.java:857) [spring-webmvc-4.1.6.RELEASE.jar:4.1.6.RELEASE]
	at javax.servlet.http.HttpServlet.service(HttpServlet.java:624) [servlet-api.jar:na]
	at org.springframework.web.servlet.FrameworkServlet.service(FrameworkServlet.java:842) [spring-webmvc-4.1.6.RELEASE.jar:4.1.6.RELEASE]
	at javax.servlet.http.HttpServlet.service(HttpServlet.java:731) [servlet-api.jar:na]
	at org.apache.catalina.core.ApplicationFilterChain.internalDoFilter(ApplicationFilterChain.java:303) [catalina.jar:7.0.68]
	at org.apache.catalina.core.ApplicationFilterChain.doFilter(ApplicationFilterChain.java:208) [catalina.jar:7.0.68]
	at org.apache.tomcat.websocket.server.WsFilter.doFilter(WsFilter.java:52) [tomcat7-websocket.jar:7.0.68]
	at org.apache.catalina.core.ApplicationFilterChain.internalDoFilter(ApplicationFilterChain.java:241) [catalina.jar:7.0.68]
	at org.apache.catalina.core.ApplicationFilterChain.doFilter(ApplicationFilterChain.java:208) [catalina.jar:7.0.68]
	at org.sitemesh.webapp.SiteMeshFilter.doFilter(SiteMeshFilter.java:115) [sitemesh-3.0.0.jar:na]
	at org.sitemesh.config.ConfigurableSiteMeshFilter.doFilter(ConfigurableSiteMeshFilter.java:163) [sitemesh-3.0.0.jar:na]
	at org.apache.catalina.core.ApplicationFilterChain.internalDoFilter(ApplicationFilterChain.java:241) [catalina.jar:7.0.68]
	at org.apache.catalina.core.ApplicationFilterChain.doFilter(ApplicationFilterChain.java:208) [catalina.jar:7.0.68]
	at org.springframework.web.filter.CharacterEncodingFilter.doFilterInternal(CharacterEncodingFilter.java:85) [spring-web-4.1.6.RELEASE.jar:4.1.6.RELEASE]
	at org.springframework.web.filter.OncePerRequestFilter.doFilter(OncePerRequestFilter.java:107) [spring-web-4.1.6.RELEASE.jar:4.1.6.RELEASE]
	at org.apache.catalina.core.ApplicationFilterChain.internalDoFilter(ApplicationFilterChain.java:241) [catalina.jar:7.0.68]
	at org.apache.catalina.core.ApplicationFilterChain.doFilter(ApplicationFilterChain.java:208) [catalina.jar:7.0.68]
	at com.chance.cynthia.core.common.filter.PathFilter.doFilter(PathFilter.java:46) [cynthia-core-0.0.1-SNAPSHOT.jar:na]
	at org.apache.catalina.core.ApplicationFilterChain.internalDoFilter(ApplicationFilterChain.java:241) [catalina.jar:7.0.68]
	at org.apache.catalina.core.ApplicationFilterChain.doFilter(ApplicationFilterChain.java:208) [catalina.jar:7.0.68]
	at org.apache.catalina.core.StandardWrapperValve.invoke(StandardWrapperValve.java:220) [catalina.jar:7.0.68]
	at org.apache.catalina.core.StandardContextValve.invoke(StandardContextValve.java:122) [catalina.jar:7.0.68]
	at org.apache.catalina.authenticator.AuthenticatorBase.invoke(AuthenticatorBase.java:505) [catalina.jar:7.0.68]
	at org.apache.catalina.core.StandardHostValve.invoke(StandardHostValve.java:169) [catalina.jar:7.0.68]
	at org.apache.catalina.valves.ErrorReportValve.invoke(ErrorReportValve.java:103) [catalina.jar:7.0.68]
	at org.apache.catalina.valves.AccessLogValve.invoke(AccessLogValve.java:956) [catalina.jar:7.0.68]
	at org.apache.catalina.core.StandardEngineValve.invoke(StandardEngineValve.java:116) [catalina.jar:7.0.68]
	at org.apache.catalina.connector.CoyoteAdapter.service(CoyoteAdapter.java:436) [catalina.jar:7.0.68]
	at org.apache.coyote.http11.AbstractHttp11Processor.process(AbstractHttp11Processor.java:1078) [tomcat-coyote.jar:7.0.68]
	at org.apache.coyote.AbstractProtocol$AbstractConnectionHandler.process(AbstractProtocol.java:625) [tomcat-coyote.jar:7.0.68]
	at org.apache.tomcat.util.net.JIoEndpoint$SocketProcessor.run(JIoEndpoint.java:318) [tomcat-coyote.jar:7.0.68]
	at java.util.concurrent.ThreadPoolExecutor.runWorker(ThreadPoolExecutor.java:1145) [na:1.7.0_80]
	at java.util.concurrent.ThreadPoolExecutor$Worker.run(ThreadPoolExecutor.java:615) [na:1.7.0_80]
	at org.apache.tomcat.util.threads.TaskThread$WrappingRunnable.run(TaskThread.java:61) [tomcat-coyote.jar:7.0.68]
	at java.lang.Thread.run(Thread.java:745) [na:1.7.0_80]
